<?xml version="1.0" ?>
<!DOCTYPE coverage SYSTEM "http://cobertura.sourceforge.net/xml/coverage-04.dtd">
<coverage lines-valid="53" lines-covered="47" line-rate="0.8867" branches-valid="37" branches-covered="26" branch-rate="0.7027" timestamp="1765135378150" complexity="0" version="0.1">
  <sources>
    <source>D:\Users\Valentina\Desktop\FINAL ING SOFT\TP7-final-cervellini\frontend</source>
  </sources>
  <packages>
    <package name="main" line-rate="0.8867" branch-rate="0.7027">
      <classes>
        <class name="app.js" filename="app.js" line-rate="0.8867" branch-rate="0.7027">
          <methods>
            <method name="apiFetch" hits="12" signature="()V">
              <lines>
                <line number="21" hits="12"/>
              </lines>
            </method>
            <method name="(anonymous_1)" hits="0" signature="()V">
              <lines>
                <line number="25" hits="0"/>
              </lines>
            </method>
            <method name="obtenerPalabras" hits="8" signature="()V">
              <lines>
                <line number="44" hits="8"/>
              </lines>
            </method>
            <method name="crearPalabra" hits="2" signature="()V">
              <lines>
                <line number="49" hits="2"/>
              </lines>
            </method>
            <method name="borrarPalabra" hits="2" signature="()V">
              <lines>
                <line number="57" hits="2"/>
              </lines>
            </method>
            <method name="mostrarMensaje" hits="9" signature="()V">
              <lines>
                <line number="66" hits="9"/>
              </lines>
            </method>
            <method name="(anonymous_6)" hits="1" signature="()V">
              <lines>
                <line number="72" hits="1"/>
              </lines>
            </method>
            <method name="cargarPalabras" hits="6" signature="()V">
              <lines>
                <line number="77" hits="6"/>
              </lines>
            </method>
            <method name="(anonymous_8)" hits="4" signature="()V">
              <lines>
                <line number="101" hits="4"/>
              </lines>
            </method>
            <method name="agregarPalabra" hits="3" signature="()V">
              <lines>
                <line number="110" hits="3"/>
              </lines>
            </method>
            <method name="eliminarPalabra" hits="3" signature="()V">
              <lines>
                <line number="133" hits="3"/>
              </lines>
            </method>
            <method name="(anonymous_11)" hits="0" signature="()V">
              <lines>
                <line number="154" hits="0"/>
              </lines>
            </method>
            <method name="(anonymous_12)" hits="0" signature="()V">
              <lines>
                <line number="158" hits="0"/>
              </lines>
            </method>
          </methods>
          <lines>
            <line number="6" hits="15" branch="true" condition-coverage="50% (1/2)"/>
            <line number="8" hits="15" branch="true" condition-coverage="50% (2/4)"/>
            <line number="9" hits="15" branch="false"/>
            <line number="11" hits="0" branch="false"/>
            <line number="15" hits="0" branch="false"/>
            <line number="22" hits="12" branch="false"/>
            <line number="23" hits="12" branch="false"/>
            <line number="25" hits="10" branch="false"/>
            <line number="27" hits="10" branch="false"/>
            <line number="33" hits="2" branch="false"/>
            <line number="46" hits="8" branch="false"/>
            <line number="50" hits="2" branch="false"/>
            <line number="58" hits="2" branch="false"/>
            <line number="67" hits="9" branch="false"/>
            <line number="68" hits="9" branch="true" condition-coverage="50% (1/2)"/>
            <line number="70" hits="9" branch="false"/>
            <line number="72" hits="9" branch="false"/>
            <line number="73" hits="1" branch="false"/>
            <line number="78" hits="6" branch="false"/>
            <line number="79" hits="6" branch="false"/>
            <line number="81" hits="6" branch="false"/>
            <line number="83" hits="6" branch="true" condition-coverage="100% (2/2)"/>
            <line number="84" hits="1" branch="false"/>
            <line number="88" hits="5" branch="true" condition-coverage="100% (2/2)"/>
            <line number="94" hits="5" branch="true" condition-coverage="100% (4/4)"/>
            <line number="95" hits="2" branch="false"/>
            <line number="96" hits="2" branch="false"/>
            <line number="99" hits="3" branch="false"/>
            <line number="101" hits="4" branch="false"/>
            <line number="111" hits="3" branch="false"/>
            <line number="112" hits="3" branch="false"/>
            <line number="114" hits="3" branch="true" condition-coverage="100% (2/2)"/>
            <line number="115" hits="1" branch="false"/>
            <line number="118" hits="2" branch="false"/>
            <line number="121" hits="2" branch="true" condition-coverage="100% (2/2)"/>
            <line number="122" hits="1" branch="false"/>
            <line number="128" hits="1" branch="false"/>
            <line number="129" hits="1" branch="false"/>
            <line number="130" hits="1" branch="false"/>
            <line number="134" hits="3" branch="true" condition-coverage="100% (2/2)"/>
            <line number="136" hits="2" branch="false"/>
            <line number="139" hits="2" branch="true" condition-coverage="100% (2/2)"/>
            <line number="140" hits="1" branch="false"/>
            <line number="146" hits="1" branch="false"/>
            <line number="147" hits="1" branch="false"/>
            <line number="153" hits="15" branch="true" condition-coverage="50% (1/2)"/>
            <line number="154" hits="15" branch="false"/>
            <line number="155" hits="0" branch="false"/>
            <line number="157" hits="0" branch="false"/>
            <line number="158" hits="0" branch="false"/>
            <line number="159" hits="0" branch="true" condition-coverage="0% (0/2)"/>
            <line number="167" hits="15" branch="true" condition-coverage="50% (1/2)"/>
            <line number="168" hits="15" branch="false"/>
          </lines>
        </class>
      </classes>
    </package>
  </packages>
</coverage>
