{"total": {"lines":{"total":53,"covered":45,"skipped":0,"pct":84.9},"statements":{"total":55,"covered":47,"skipped":0,"pct":85.45},"functions":{"total":8,"covered":6,"skipped":0,"pct":75},"branches":{"total":26,"covered":20,"skipped":0,"pct":76.92},"branchesTrue":{"total":0,"covered":0,"skipped":0,"pct":"Unknown"}}
,"D:\\Users\\Valentina\\Desktop\\FINAL ING SOFT\\TP7-final-cervellini\\frontend\\app.js": {"lines":{"total":53,"covered":45,"skipped":0,"pct":84.9},"functions":{"total":8,"covered":6,"skipped":0,"pct":75},"statements":{"total":55,"covered":47,"skipped":0,"pct":85.45},"branches":{"total":26,"covered":20,"skipped":0,"pct":76.92}}
}
