{"D:\\Users\\Valentina\\Desktop\\FINAL ING SOFT\\TP7-final-cervellini\\frontend\\app.js": {"path":"D:\\Users\\Valentina\\Desktop\\FINAL ING SOFT\\TP7-final-cervellini\\frontend\\app.js","statementMap":{"0":{"start":{"line":2,"column":16},"end":{"line":2,"column":47}},"1":{"start":{"line":5,"column":0},"end":{"line":14,"column":3}},"2":{"start":{"line":6,"column":4},"end":{"line":6,"column":21}},"3":{"start":{"line":9,"column":4},"end":{"line":13,"column":7}},"4":{"start":{"line":10,"column":8},"end":{"line":12,"column":9}},"5":{"start":{"line":11,"column":12},"end":{"line":11,"column":29}},"6":{"start":{"line":18,"column":4},"end":{"line":48,"column":5}},"7":{"start":{"line":19,"column":25},"end":{"line":19,"column":59}},"8":{"start":{"line":20,"column":25},"end":{"line":20,"column":46}},"9":{"start":{"line":22,"column":30},"end":{"line":22,"column":70}},"10":{"start":{"line":23,"column":25},"end":{"line":23,"column":68}},"11":{"start":{"line":25,"column":8},"end":{"line":29,"column":9}},"12":{"start":{"line":26,"column":12},"end":{"line":26,"column":114}},"13":{"start":{"line":27,"column":12},"end":{"line":27,"column":69}},"14":{"start":{"line":27,"column":26},"end":{"line":27,"column":69}},"15":{"start":{"line":28,"column":12},"end":{"line":28,"column":19}},"16":{"start":{"line":31,"column":8},"end":{"line":38,"column":20}},"17":{"start":{"line":31,"column":58},"end":{"line":38,"column":9}},"18":{"start":{"line":40,"column":8},"end":{"line":43,"column":9}},"19":{"start":{"line":41,"column":22},"end":{"line":41,"column":37}},"20":{"start":{"line":42,"column":12},"end":{"line":42,"column":78}},"21":{"start":{"line":46,"column":8},"end":{"line":46,"column":58}},"22":{"start":{"line":47,"column":8},"end":{"line":47,"column":64}},"23":{"start":{"line":53,"column":25},"end":{"line":53,"column":64}},"24":{"start":{"line":54,"column":20},"end":{"line":54,"column":45}},"25":{"start":{"line":56,"column":4},"end":{"line":59,"column":5}},"26":{"start":{"line":57,"column":8},"end":{"line":57,"column":65}},"27":{"start":{"line":58,"column":8},"end":{"line":58,"column":15}},"28":{"start":{"line":61,"column":4},"end":{"line":83,"column":5}},"29":{"start":{"line":62,"column":25},"end":{"line":68,"column":10}},"30":{"start":{"line":70,"column":26},"end":{"line":70,"column":47}},"31":{"start":{"line":72,"column":8},"end":{"line":78,"column":9}},"32":{"start":{"line":73,"column":12},"end":{"line":73,"column":69}},"33":{"start":{"line":74,"column":12},"end":{"line":74,"column":36}},"34":{"start":{"line":75,"column":12},"end":{"line":75,"column":29}},"35":{"start":{"line":77,"column":12},"end":{"line":77,"column":83}},"36":{"start":{"line":81,"column":8},"end":{"line":81,"column":58}},"37":{"start":{"line":82,"column":8},"end":{"line":82,"column":63}},"38":{"start":{"line":88,"column":4},"end":{"line":90,"column":5}},"39":{"start":{"line":89,"column":8},"end":{"line":89,"column":15}},"40":{"start":{"line":92,"column":4},"end":{"line":109,"column":5}},"41":{"start":{"line":93,"column":25},"end":{"line":95,"column":10}},"42":{"start":{"line":97,"column":26},"end":{"line":97,"column":47}},"43":{"start":{"line":99,"column":8},"end":{"line":104,"column":9}},"44":{"start":{"line":100,"column":12},"end":{"line":100,"column":70}},"45":{"start":{"line":101,"column":12},"end":{"line":101,"column":29}},"46":{"start":{"line":103,"column":12},"end":{"line":103,"column":84}},"47":{"start":{"line":107,"column":8},"end":{"line":107,"column":59}},"48":{"start":{"line":108,"column":8},"end":{"line":108,"column":64}},"49":{"start":{"line":114,"column":23},"end":{"line":114,"column":57}},"50":{"start":{"line":115,"column":4},"end":{"line":115,"column":73}},"51":{"start":{"line":118,"column":4},"end":{"line":120,"column":13}},"52":{"start":{"line":119,"column":8},"end":{"line":119,"column":34}},"53":{"start":{"line":124,"column":0},"end":{"line":131,"column":1}},"54":{"start":{"line":125,"column":2},"end":{"line":130,"column":4}}},"fnMap":{"0":{"name":"(anonymous_0)","decl":{"start":{"line":5,"column":46},"end":{"line":5,"column":47}},"loc":{"start":{"line":5,"column":57},"end":{"line":14,"column":1}},"line":5},"1":{"name":"(anonymous_1)","decl":{"start":{"line":9,"column":73},"end":{"line":9,"column":74}},"loc":{"start":{"line":9,"column":85},"end":{"line":13,"column":5}},"line":9},"2":{"name":"cargarPalabras","decl":{"start":{"line":17,"column":15},"end":{"line":17,"column":29}},"loc":{"start":{"line":17,"column":32},"end":{"line":49,"column":1}},"line":17},"3":{"name":"(anonymous_3)","decl":{"start":{"line":31,"column":47},"end":{"line":31,"column":48}},"loc":{"start":{"line":31,"column":58},"end":{"line":38,"column":9}},"line":31},"4":{"name":"agregarPalabra","decl":{"start":{"line":52,"column":15},"end":{"line":52,"column":29}},"loc":{"start":{"line":52,"column":32},"end":{"line":84,"column":1}},"line":52},"5":{"name":"eliminarPalabra","decl":{"start":{"line":87,"column":15},"end":{"line":87,"column":30}},"loc":{"start":{"line":87,"column":35},"end":{"line":110,"column":1}},"line":87},"6":{"name":"mostrarMensaje","decl":{"start":{"line":113,"column":9},"end":{"line":113,"column":23}},"loc":{"start":{"line":113,"column":37},"end":{"line":121,"column":1}},"line":113},"7":{"name":"(anonymous_7)","decl":{"start":{"line":118,"column":15},"end":{"line":118,"column":16}},"loc":{"start":{"line":118,"column":21},"end":{"line":120,"column":5}},"line":118}},"branchMap":{"0":{"loc":{"start":{"line":10,"column":8},"end":{"line":12,"column":9}},"type":"if","locations":[{"start":{"line":10,"column":8},"end":{"line":12,"column":9}},{"start":{},"end":{}}],"line":10},"1":{"loc":{"start":{"line":25,"column":8},"end":{"line":29,"column":9}},"type":"if","locations":[{"start":{"line":25,"column":8},"end":{"line":29,"column":9}},{"start":{},"end":{}}],"line":25},"2":{"loc":{"start":{"line":27,"column":12},"end":{"line":27,"column":69}},"type":"if","locations":[{"start":{"line":27,"column":12},"end":{"line":27,"column":69}},{"start":{},"end":{}}],"line":27},"3":{"loc":{"start":{"line":40,"column":8},"end":{"line":43,"column":9}},"type":"if","locations":[{"start":{"line":40,"column":8},"end":{"line":43,"column":9}},{"start":{},"end":{}}],"line":40},"4":{"loc":{"start":{"line":42,"column":57},"end":{"line":42,"column":75}},"type":"cond-expr","locations":[{"start":{"line":42,"column":67},"end":{"line":42,"column":70}},{"start":{"line":42,"column":73},"end":{"line":42,"column":75}}],"line":42},"5":{"loc":{"start":{"line":56,"column":4},"end":{"line":59,"column":5}},"type":"if","locations":[{"start":{"line":56,"column":4},"end":{"line":59,"column":5}},{"start":{},"end":{}}],"line":56},"6":{"loc":{"start":{"line":72,"column":8},"end":{"line":78,"column":9}},"type":"if","locations":[{"start":{"line":72,"column":8},"end":{"line":78,"column":9}},{"start":{"line":76,"column":15},"end":{"line":78,"column":9}}],"line":72},"7":{"loc":{"start":{"line":77,"column":27},"end":{"line":77,"column":72}},"type":"binary-expr","locations":[{"start":{"line":77,"column":27},"end":{"line":77,"column":42}},{"start":{"line":77,"column":46},"end":{"line":77,"column":72}}],"line":77},"8":{"loc":{"start":{"line":88,"column":4},"end":{"line":90,"column":5}},"type":"if","locations":[{"start":{"line":88,"column":4},"end":{"line":90,"column":5}},{"start":{},"end":{}}],"line":88},"9":{"loc":{"start":{"line":99,"column":8},"end":{"line":104,"column":9}},"type":"if","locations":[{"start":{"line":99,"column":8},"end":{"line":104,"column":9}},{"start":{"line":102,"column":15},"end":{"line":104,"column":9}}],"line":99},"10":{"loc":{"start":{"line":103,"column":27},"end":{"line":103,"column":73}},"type":"binary-expr","locations":[{"start":{"line":103,"column":27},"end":{"line":103,"column":42}},{"start":{"line":103,"column":46},"end":{"line":103,"column":73}}],"line":103},"11":{"loc":{"start":{"line":124,"column":0},"end":{"line":131,"column":1}},"type":"if","locations":[{"start":{"line":124,"column":0},"end":{"line":131,"column":1}},{"start":{},"end":{}}],"line":124},"12":{"loc":{"start":{"line":124,"column":4},"end":{"line":124,"column":51}},"type":"binary-expr","locations":[{"start":{"line":124,"column":4},"end":{"line":124,"column":33}},{"start":{"line":124,"column":37},"end":{"line":124,"column":51}}],"line":124}},"s":{"0":1,"1":1,"2":0,"3":0,"4":0,"5":0,"6":7,"7":7,"8":6,"9":6,"10":6,"11":6,"12":3,"13":3,"14":1,"15":3,"16":3,"17":5,"18":3,"19":1,"20":1,"21":1,"22":1,"23":3,"24":3,"25":3,"26":1,"27":1,"28":2,"29":2,"30":2,"31":2,"32":1,"33":1,"34":1,"35":1,"36":0,"37":0,"38":3,"39":1,"40":2,"41":2,"42":2,"43":2,"44":1,"45":1,"46":1,"47":0,"48":0,"49":9,"50":9,"51":9,"52":1,"53":1,"54":1},"f":{"0":0,"1":0,"2":7,"3":5,"4":3,"5":3,"6":9,"7":1},"b":{"0":[0,0],"1":[3,3],"2":[1,2],"3":[1,2],"4":[1,0],"5":[1,2],"6":[1,1],"7":[1,0],"8":[1,2],"9":[1,1],"10":[1,0],"11":[1,0],"12":[1,1]},"_coverageSchema":"1a1c01bbd47fc00a2c39e90264f33305004495a9","hash":"3a61d7d846bca0eaceecf59287f51af95a434865"}
}
