{"total": {"lines":{"total":153,"covered":138,"skipped":0,"pct":90.19},"statements":{"total":159,"covered":144,"skipped":0,"pct":90.56},"functions":{"total":28,"covered":26,"skipped":0,"pct":92.85},"branches":{"total":70,"covered":55,"skipped":0,"pct":78.57},"branchesTrue":{"total":0,"covered":0,"skipped":0,"pct":"Unknown"}}
,"D:\\Users\\Valentina\\Desktop\\FINAL ING SOFT\\TP7-final-cervellini\\frontend\\app.js": {"lines":{"total":106,"covered":94,"skipped":0,"pct":88.67},"functions":{"total":22,"covered":21,"skipped":0,"pct":95.45},"statements":{"total":112,"covered":100,"skipped":0,"pct":89.28},"branches":{"total":44,"covered":33,"skipped":0,"pct":75}}
,"D:\\Users\\Valentina\\Desktop\\FINAL ING SOFT\\TP7-final-cervellini\\frontend\\login.js": {"lines":{"total":47,"covered":44,"skipped":0,"pct":93.61},"functions":{"total":6,"covered":5,"skipped":0,"pct":83.33},"statements":{"total":47,"covered":44,"skipped":0,"pct":93.61},"branches":{"total":26,"covered":22,"skipped":0,"pct":84.61}}
}
