{"C:\\Users\\sofis\\TP7\\frontend\\app.js": {"path":"C:\\Users\\sofis\\TP7\\frontend\\app.js","statementMap":{"0":{"start":{"line":5,"column":0},"end":{"line":10,"column":1}},"1":{"start":{"line":6,"column":4},"end":{"line":6,"column":37}},"2":{"start":{"line":9,"column":4},"end":{"line":9,"column":46}},"3":{"start":{"line":13,"column":0},"end":{"line":32,"column":3}},"4":{"start":{"line":15,"column":20},"end":{"line":15,"column":58}},"5":{"start":{"line":16,"column":4},"end":{"line":19,"column":5}},"6":{"start":{"line":17,"column":8},"end":{"line":17,"column":44}},"7":{"start":{"line":18,"column":8},"end":{"line":18,"column":15}},"8":{"start":{"line":22,"column":4},"end":{"line":22,"column":75}},"9":{"start":{"line":24,"column":4},"end":{"line":24,"column":21}},"10":{"start":{"line":27,"column":4},"end":{"line":31,"column":7}},"11":{"start":{"line":28,"column":8},"end":{"line":30,"column":9}},"12":{"start":{"line":29,"column":12},"end":{"line":29,"column":29}},"13":{"start":{"line":36,"column":4},"end":{"line":36,"column":46}},"14":{"start":{"line":37,"column":4},"end":{"line":37,"column":40}},"15":{"start":{"line":42,"column":4},"end":{"line":59,"column":5}},"16":{"start":{"line":43,"column":25},"end":{"line":43,"column":59}},"17":{"start":{"line":44,"column":25},"end":{"line":44,"column":46}},"18":{"start":{"line":46,"column":8},"end":{"line":46,"column":38}},"19":{"start":{"line":47,"column":30},"end":{"line":47,"column":70}},"20":{"start":{"line":49,"column":8},"end":{"line":52,"column":9}},"21":{"start":{"line":50,"column":12},"end":{"line":50,"column":114}},"22":{"start":{"line":51,"column":12},"end":{"line":51,"column":19}},"23":{"start":{"line":54,"column":8},"end":{"line":54,"column":37}},"24":{"start":{"line":57,"column":8},"end":{"line":57,"column":58}},"25":{"start":{"line":58,"column":8},"end":{"line":58,"column":64}},"26":{"start":{"line":64,"column":25},"end":{"line":64,"column":64}},"27":{"start":{"line":65,"column":20},"end":{"line":65,"column":45}},"28":{"start":{"line":67,"column":4},"end":{"line":70,"column":5}},"29":{"start":{"line":68,"column":8},"end":{"line":68,"column":65}},"30":{"start":{"line":69,"column":8},"end":{"line":69,"column":15}},"31":{"start":{"line":72,"column":4},"end":{"line":94,"column":5}},"32":{"start":{"line":73,"column":25},"end":{"line":79,"column":10}},"33":{"start":{"line":81,"column":26},"end":{"line":81,"column":47}},"34":{"start":{"line":83,"column":8},"end":{"line":89,"column":9}},"35":{"start":{"line":84,"column":12},"end":{"line":84,"column":69}},"36":{"start":{"line":85,"column":12},"end":{"line":85,"column":36}},"37":{"start":{"line":86,"column":12},"end":{"line":86,"column":29}},"38":{"start":{"line":88,"column":12},"end":{"line":88,"column":83}},"39":{"start":{"line":92,"column":8},"end":{"line":92,"column":58}},"40":{"start":{"line":93,"column":8},"end":{"line":93,"column":63}},"41":{"start":{"line":99,"column":4},"end":{"line":101,"column":5}},"42":{"start":{"line":100,"column":8},"end":{"line":100,"column":15}},"43":{"start":{"line":103,"column":4},"end":{"line":120,"column":5}},"44":{"start":{"line":104,"column":25},"end":{"line":106,"column":10}},"45":{"start":{"line":108,"column":26},"end":{"line":108,"column":47}},"46":{"start":{"line":110,"column":8},"end":{"line":115,"column":9}},"47":{"start":{"line":111,"column":12},"end":{"line":111,"column":70}},"48":{"start":{"line":112,"column":12},"end":{"line":112,"column":29}},"49":{"start":{"line":114,"column":12},"end":{"line":114,"column":84}},"50":{"start":{"line":118,"column":8},"end":{"line":118,"column":59}},"51":{"start":{"line":119,"column":8},"end":{"line":119,"column":64}},"52":{"start":{"line":125,"column":25},"end":{"line":125,"column":65}},"53":{"start":{"line":127,"column":4},"end":{"line":129,"column":5}},"54":{"start":{"line":128,"column":8},"end":{"line":128,"column":15}},"55":{"start":{"line":131,"column":4},"end":{"line":134,"column":5}},"56":{"start":{"line":132,"column":8},"end":{"line":132,"column":67}},"57":{"start":{"line":133,"column":8},"end":{"line":133,"column":15}},"58":{"start":{"line":136,"column":4},"end":{"line":157,"column":5}},"59":{"start":{"line":137,"column":25},"end":{"line":143,"column":10}},"60":{"start":{"line":145,"column":26},"end":{"line":145,"column":47}},"61":{"start":{"line":147,"column":8},"end":{"line":152,"column":9}},"62":{"start":{"line":148,"column":12},"end":{"line":148,"column":72}},"63":{"start":{"line":149,"column":12},"end":{"line":149,"column":29}},"64":{"start":{"line":151,"column":12},"end":{"line":151,"column":86}},"65":{"start":{"line":155,"column":8},"end":{"line":155,"column":61}},"66":{"start":{"line":156,"column":8},"end":{"line":156,"column":66}},"67":{"start":{"line":161,"column":25},"end":{"line":161,"column":27}},"68":{"start":{"line":162,"column":18},"end":{"line":162,"column":30}},"69":{"start":{"line":166,"column":4},"end":{"line":166,"column":23}},"70":{"start":{"line":167,"column":26},"end":{"line":167,"column":66}},"71":{"start":{"line":170,"column":4},"end":{"line":173,"column":5}},"72":{"start":{"line":171,"column":8},"end":{"line":171,"column":110}},"73":{"start":{"line":172,"column":8},"end":{"line":172,"column":15}},"74":{"start":{"line":175,"column":28},"end":{"line":175,"column":51}},"75":{"start":{"line":177,"column":4},"end":{"line":190,"column":5}},"76":{"start":{"line":179,"column":12},"end":{"line":179,"column":81}},"77":{"start":{"line":179,"column":45},"end":{"line":179,"column":79}},"78":{"start":{"line":180,"column":12},"end":{"line":180,"column":18}},"79":{"start":{"line":182,"column":12},"end":{"line":182,"column":81}},"80":{"start":{"line":182,"column":45},"end":{"line":182,"column":79}},"81":{"start":{"line":183,"column":12},"end":{"line":183,"column":18}},"82":{"start":{"line":185,"column":12},"end":{"line":185,"column":58}},"83":{"start":{"line":185,"column":45},"end":{"line":185,"column":56}},"84":{"start":{"line":186,"column":12},"end":{"line":186,"column":18}},"85":{"start":{"line":188,"column":12},"end":{"line":188,"column":58}},"86":{"start":{"line":188,"column":45},"end":{"line":188,"column":56}},"87":{"start":{"line":189,"column":12},"end":{"line":189,"column":18}},"88":{"start":{"line":192,"column":4},"end":{"line":204,"column":16}},"89":{"start":{"line":192,"column":63},"end":{"line":204,"column":5}},"90":{"start":{"line":209,"column":19},"end":{"line":209,"column":45}},"91":{"start":{"line":210,"column":26},"end":{"line":210,"column":66}},"92":{"start":{"line":213,"column":4},"end":{"line":216,"column":5}},"93":{"start":{"line":214,"column":8},"end":{"line":214,"column":37}},"94":{"start":{"line":215,"column":8},"end":{"line":215,"column":15}},"95":{"start":{"line":218,"column":30},"end":{"line":220,"column":5}},"96":{"start":{"line":219,"column":8},"end":{"line":219,"column":48}},"97":{"start":{"line":222,"column":4},"end":{"line":225,"column":5}},"98":{"start":{"line":223,"column":8},"end":{"line":223,"column":111}},"99":{"start":{"line":224,"column":8},"end":{"line":224,"column":15}},"100":{"start":{"line":227,"column":4},"end":{"line":239,"column":16}},"101":{"start":{"line":227,"column":63},"end":{"line":239,"column":5}},"102":{"start":{"line":244,"column":23},"end":{"line":244,"column":57}},"103":{"start":{"line":245,"column":4},"end":{"line":245,"column":73}},"104":{"start":{"line":248,"column":4},"end":{"line":250,"column":13}},"105":{"start":{"line":249,"column":8},"end":{"line":249,"column":34}},"106":{"start":{"line":254,"column":0},"end":{"line":270,"column":1}},"107":{"start":{"line":255,"column":2},"end":{"line":269,"column":4}},"108":{"start":{"line":265,"column":31},"end":{"line":265,"column":57}},"109":{"start":{"line":266,"column":36},"end":{"line":266,"column":63}},"110":{"start":{"line":267,"column":24},"end":{"line":267,"column":43}},"111":{"start":{"line":268,"column":29},"end":{"line":268,"column":49}}},"fnMap":{"0":{"name":"(anonymous_0)","decl":{"start":{"line":13,"column":46},"end":{"line":13,"column":47}},"loc":{"start":{"line":13,"column":57},"end":{"line":32,"column":1}},"line":13},"1":{"name":"(anonymous_1)","decl":{"start":{"line":27,"column":73},"end":{"line":27,"column":74}},"loc":{"start":{"line":27,"column":85},"end":{"line":31,"column":5}},"line":27},"2":{"name":"cerrarSesion","decl":{"start":{"line":35,"column":9},"end":{"line":35,"column":21}},"loc":{"start":{"line":35,"column":24},"end":{"line":38,"column":1}},"line":35},"3":{"name":"cargarPalabras","decl":{"start":{"line":41,"column":15},"end":{"line":41,"column":29}},"loc":{"start":{"line":41,"column":32},"end":{"line":60,"column":1}},"line":41},"4":{"name":"agregarPalabra","decl":{"start":{"line":63,"column":15},"end":{"line":63,"column":29}},"loc":{"start":{"line":63,"column":32},"end":{"line":95,"column":1}},"line":63},"5":{"name":"eliminarPalabra","decl":{"start":{"line":98,"column":15},"end":{"line":98,"column":30}},"loc":{"start":{"line":98,"column":35},"end":{"line":121,"column":1}},"line":98},"6":{"name":"editarPalabra","decl":{"start":{"line":124,"column":15},"end":{"line":124,"column":28}},"loc":{"start":{"line":124,"column":48},"end":{"line":158,"column":1}},"line":124},"7":{"name":"ordenarPalabras","decl":{"start":{"line":165,"column":9},"end":{"line":165,"column":24}},"loc":{"start":{"line":165,"column":31},"end":{"line":205,"column":1}},"line":165},"8":{"name":"(anonymous_8)","decl":{"start":{"line":179,"column":35},"end":{"line":179,"column":36}},"loc":{"start":{"line":179,"column":45},"end":{"line":179,"column":79}},"line":179},"9":{"name":"(anonymous_9)","decl":{"start":{"line":182,"column":35},"end":{"line":182,"column":36}},"loc":{"start":{"line":182,"column":45},"end":{"line":182,"column":79}},"line":182},"10":{"name":"(anonymous_10)","decl":{"start":{"line":185,"column":35},"end":{"line":185,"column":36}},"loc":{"start":{"line":185,"column":45},"end":{"line":185,"column":56}},"line":185},"11":{"name":"(anonymous_11)","decl":{"start":{"line":188,"column":35},"end":{"line":188,"column":36}},"loc":{"start":{"line":188,"column":45},"end":{"line":188,"column":56}},"line":188},"12":{"name":"(anonymous_12)","decl":{"start":{"line":192,"column":52},"end":{"line":192,"column":53}},"loc":{"start":{"line":192,"column":63},"end":{"line":204,"column":5}},"line":192},"13":{"name":"filtrarPalabras","decl":{"start":{"line":208,"column":9},"end":{"line":208,"column":24}},"loc":{"start":{"line":208,"column":32},"end":{"line":240,"column":1}},"line":208},"14":{"name":"(anonymous_14)","decl":{"start":{"line":218,"column":56},"end":{"line":218,"column":57}},"loc":{"start":{"line":219,"column":8},"end":{"line":219,"column":48}},"line":219},"15":{"name":"(anonymous_15)","decl":{"start":{"line":227,"column":52},"end":{"line":227,"column":53}},"loc":{"start":{"line":227,"column":63},"end":{"line":239,"column":5}},"line":227},"16":{"name":"mostrarMensaje","decl":{"start":{"line":243,"column":9},"end":{"line":243,"column":23}},"loc":{"start":{"line":243,"column":37},"end":{"line":251,"column":1}},"line":243},"17":{"name":"(anonymous_17)","decl":{"start":{"line":248,"column":15},"end":{"line":248,"column":16}},"loc":{"start":{"line":248,"column":21},"end":{"line":250,"column":5}},"line":248},"18":{"name":"(anonymous_18)","decl":{"start":{"line":265,"column":4},"end":{"line":265,"column":5}},"loc":{"start":{"line":265,"column":29},"end":{"line":265,"column":59}},"line":265},"19":{"name":"(anonymous_19)","decl":{"start":{"line":266,"column":4},"end":{"line":266,"column":5}},"loc":{"start":{"line":266,"column":34},"end":{"line":266,"column":65}},"line":266},"20":{"name":"(anonymous_20)","decl":{"start":{"line":267,"column":4},"end":{"line":267,"column":5}},"loc":{"start":{"line":267,"column":22},"end":{"line":267,"column":45}},"line":267},"21":{"name":"(anonymous_21)","decl":{"start":{"line":268,"column":4},"end":{"line":268,"column":5}},"loc":{"start":{"line":268,"column":27},"end":{"line":268,"column":51}},"line":268}},"branchMap":{"0":{"loc":{"start":{"line":5,"column":0},"end":{"line":10,"column":1}},"type":"if","locations":[{"start":{"line":5,"column":0},"end":{"line":10,"column":1}},{"start":{"line":7,"column":7},"end":{"line":10,"column":1}}],"line":5},"1":{"loc":{"start":{"line":5,"column":4},"end":{"line":5,"column":88}},"type":"binary-expr","locations":[{"start":{"line":5,"column":4},"end":{"line":5,"column":44}},{"start":{"line":5,"column":48},"end":{"line":5,"column":88}}],"line":5},"2":{"loc":{"start":{"line":16,"column":4},"end":{"line":19,"column":5}},"type":"if","locations":[{"start":{"line":16,"column":4},"end":{"line":19,"column":5}},{"start":{},"end":{}}],"line":16},"3":{"loc":{"start":{"line":28,"column":8},"end":{"line":30,"column":9}},"type":"if","locations":[{"start":{"line":28,"column":8},"end":{"line":30,"column":9}},{"start":{},"end":{}}],"line":28},"4":{"loc":{"start":{"line":49,"column":8},"end":{"line":52,"column":9}},"type":"if","locations":[{"start":{"line":49,"column":8},"end":{"line":52,"column":9}},{"start":{},"end":{}}],"line":49},"5":{"loc":{"start":{"line":67,"column":4},"end":{"line":70,"column":5}},"type":"if","locations":[{"start":{"line":67,"column":4},"end":{"line":70,"column":5}},{"start":{},"end":{}}],"line":67},"6":{"loc":{"start":{"line":83,"column":8},"end":{"line":89,"column":9}},"type":"if","locations":[{"start":{"line":83,"column":8},"end":{"line":89,"column":9}},{"start":{"line":87,"column":15},"end":{"line":89,"column":9}}],"line":83},"7":{"loc":{"start":{"line":88,"column":27},"end":{"line":88,"column":72}},"type":"binary-expr","locations":[{"start":{"line":88,"column":27},"end":{"line":88,"column":42}},{"start":{"line":88,"column":46},"end":{"line":88,"column":72}}],"line":88},"8":{"loc":{"start":{"line":99,"column":4},"end":{"line":101,"column":5}},"type":"if","locations":[{"start":{"line":99,"column":4},"end":{"line":101,"column":5}},{"start":{},"end":{}}],"line":99},"9":{"loc":{"start":{"line":110,"column":8},"end":{"line":115,"column":9}},"type":"if","locations":[{"start":{"line":110,"column":8},"end":{"line":115,"column":9}},{"start":{"line":113,"column":15},"end":{"line":115,"column":9}}],"line":110},"10":{"loc":{"start":{"line":114,"column":27},"end":{"line":114,"column":73}},"type":"binary-expr","locations":[{"start":{"line":114,"column":27},"end":{"line":114,"column":42}},{"start":{"line":114,"column":46},"end":{"line":114,"column":73}}],"line":114},"11":{"loc":{"start":{"line":127,"column":4},"end":{"line":129,"column":5}},"type":"if","locations":[{"start":{"line":127,"column":4},"end":{"line":129,"column":5}},{"start":{},"end":{}}],"line":127},"12":{"loc":{"start":{"line":131,"column":4},"end":{"line":134,"column":5}},"type":"if","locations":[{"start":{"line":131,"column":4},"end":{"line":134,"column":5}},{"start":{},"end":{}}],"line":131},"13":{"loc":{"start":{"line":147,"column":8},"end":{"line":152,"column":9}},"type":"if","locations":[{"start":{"line":147,"column":8},"end":{"line":152,"column":9}},{"start":{"line":150,"column":15},"end":{"line":152,"column":9}}],"line":147},"14":{"loc":{"start":{"line":151,"column":27},"end":{"line":151,"column":75}},"type":"binary-expr","locations":[{"start":{"line":151,"column":27},"end":{"line":151,"column":42}},{"start":{"line":151,"column":46},"end":{"line":151,"column":75}}],"line":151},"15":{"loc":{"start":{"line":170,"column":4},"end":{"line":173,"column":5}},"type":"if","locations":[{"start":{"line":170,"column":4},"end":{"line":173,"column":5}},{"start":{},"end":{}}],"line":170},"16":{"loc":{"start":{"line":177,"column":4},"end":{"line":190,"column":5}},"type":"switch","locations":[{"start":{"line":178,"column":8},"end":{"line":180,"column":18}},{"start":{"line":181,"column":8},"end":{"line":183,"column":18}},{"start":{"line":184,"column":8},"end":{"line":186,"column":18}},{"start":{"line":187,"column":8},"end":{"line":189,"column":18}}],"line":177},"17":{"loc":{"start":{"line":213,"column":4},"end":{"line":216,"column":5}},"type":"if","locations":[{"start":{"line":213,"column":4},"end":{"line":216,"column":5}},{"start":{},"end":{}}],"line":213},"18":{"loc":{"start":{"line":222,"column":4},"end":{"line":225,"column":5}},"type":"if","locations":[{"start":{"line":222,"column":4},"end":{"line":225,"column":5}},{"start":{},"end":{}}],"line":222},"19":{"loc":{"start":{"line":254,"column":0},"end":{"line":270,"column":1}},"type":"if","locations":[{"start":{"line":254,"column":0},"end":{"line":270,"column":1}},{"start":{},"end":{}}],"line":254},"20":{"loc":{"start":{"line":254,"column":4},"end":{"line":254,"column":51}},"type":"binary-expr","locations":[{"start":{"line":254,"column":4},"end":{"line":254,"column":33}},{"start":{"line":254,"column":37},"end":{"line":254,"column":51}}],"line":254}},"s":{"0":20,"1":20,"2":0,"3":20,"4":5,"5":5,"6":0,"7":0,"8":5,"9":5,"10":5,"11":0,"12":0,"13":1,"14":1,"15":11,"16":11,"17":10,"18":6,"19":6,"20":6,"21":4,"22":4,"23":2,"24":5,"25":5,"26":3,"27":3,"28":3,"29":1,"30":1,"31":2,"32":2,"33":2,"34":2,"35":1,"36":1,"37":1,"38":1,"39":0,"40":0,"41":3,"42":1,"43":2,"44":2,"45":2,"46":2,"47":1,"48":1,"49":1,"50":0,"51":0,"52":3,"53":3,"54":1,"55":2,"56":1,"57":1,"58":1,"59":1,"60":1,"61":1,"62":1,"63":1,"64":0,"65":0,"66":0,"67":20,"68":20,"69":12,"70":12,"71":12,"72":1,"73":1,"74":11,"75":11,"76":3,"77":8,"78":3,"79":1,"80":2,"81":1,"82":1,"83":4,"84":1,"85":6,"86":5,"87":6,"88":11,"89":24,"90":6,"91":6,"92":6,"93":2,"94":2,"95":4,"96":9,"97":4,"98":1,"99":1,"100":3,"101":3,"102":15,"103":15,"104":15,"105":1,"106":20,"107":20,"108":1,"109":13,"110":2,"111":1},"f":{"0":5,"1":0,"2":1,"3":11,"4":3,"5":3,"6":3,"7":12,"8":8,"9":2,"10":4,"11":5,"12":24,"13":6,"14":9,"15":3,"16":15,"17":1,"18":1,"19":13,"20":2,"21":1},"b":{"0":[20,0],"1":[20,0],"2":[0,5],"3":[0,0],"4":[4,2],"5":[1,2],"6":[1,1],"7":[1,0],"8":[1,2],"9":[1,1],"10":[1,0],"11":[1,2],"12":[1,1],"13":[1,0],"14":[0,0],"15":[1,11],"16":[3,1,1,6],"17":[2,4],"18":[1,3],"19":[20,0],"20":[20,20]},"_coverageSchema":"1a1c01bbd47fc00a2c39e90264f33305004495a9","hash":"07c9e01a5213fea76897c6b1064e5322cec88eed"}
,"C:\\Users\\sofis\\TP7\\frontend\\login.js": {"path":"C:\\Users\\sofis\\TP7\\frontend\\login.js","statementMap":{"0":{"start":{"line":3,"column":0},"end":{"line":7,"column":1}},"1":{"start":{"line":4,"column":4},"end":{"line":4,"column":42}},"2":{"start":{"line":6,"column":4},"end":{"line":6,"column":46}},"3":{"start":{"line":11,"column":20},"end":{"line":11,"column":58}},"4":{"start":{"line":12,"column":4},"end":{"line":14,"column":5}},"5":{"start":{"line":13,"column":8},"end":{"line":13,"column":44}},"6":{"start":{"line":17,"column":0},"end":{"line":17,"column":63}},"7":{"start":{"line":21,"column":23},"end":{"line":21,"column":57}},"8":{"start":{"line":22,"column":4},"end":{"line":22,"column":35}},"9":{"start":{"line":23,"column":4},"end":{"line":23,"column":45}},"10":{"start":{"line":24,"column":4},"end":{"line":24,"column":39}},"11":{"start":{"line":26,"column":4},"end":{"line":28,"column":13}},"12":{"start":{"line":27,"column":8},"end":{"line":27,"column":42}},"13":{"start":{"line":33,"column":4},"end":{"line":33,"column":27}},"14":{"start":{"line":35,"column":21},"end":{"line":35,"column":77}},"15":{"start":{"line":36,"column":21},"end":{"line":36,"column":70}},"16":{"start":{"line":38,"column":4},"end":{"line":41,"column":5}},"17":{"start":{"line":39,"column":8},"end":{"line":39,"column":61}},"18":{"start":{"line":40,"column":8},"end":{"line":40,"column":15}},"19":{"start":{"line":43,"column":4},"end":{"line":64,"column":5}},"20":{"start":{"line":44,"column":25},"end":{"line":50,"column":10}},"21":{"start":{"line":52,"column":26},"end":{"line":52,"column":47}},"22":{"start":{"line":54,"column":8},"end":{"line":59,"column":9}},"23":{"start":{"line":55,"column":12},"end":{"line":55,"column":100}},"24":{"start":{"line":56,"column":12},"end":{"line":56,"column":60}},"25":{"start":{"line":58,"column":12},"end":{"line":58,"column":85}},"26":{"start":{"line":62,"column":8},"end":{"line":62,"column":52}},"27":{"start":{"line":63,"column":8},"end":{"line":63,"column":62}},"28":{"start":{"line":69,"column":4},"end":{"line":69,"column":27}},"29":{"start":{"line":71,"column":21},"end":{"line":71,"column":74}},"30":{"start":{"line":72,"column":21},"end":{"line":72,"column":67}},"31":{"start":{"line":74,"column":4},"end":{"line":77,"column":5}},"32":{"start":{"line":75,"column":8},"end":{"line":75,"column":61}},"33":{"start":{"line":76,"column":8},"end":{"line":76,"column":15}},"34":{"start":{"line":79,"column":4},"end":{"line":104,"column":5}},"35":{"start":{"line":80,"column":25},"end":{"line":86,"column":10}},"36":{"start":{"line":88,"column":26},"end":{"line":88,"column":47}},"37":{"start":{"line":90,"column":8},"end":{"line":99,"column":9}},"38":{"start":{"line":92,"column":12},"end":{"line":92,"column":61}},"39":{"start":{"line":93,"column":12},"end":{"line":93,"column":70}},"40":{"start":{"line":94,"column":12},"end":{"line":96,"column":21}},"41":{"start":{"line":95,"column":16},"end":{"line":95,"column":52}},"42":{"start":{"line":98,"column":12},"end":{"line":98,"column":82}},"43":{"start":{"line":102,"column":8},"end":{"line":102,"column":57}},"44":{"start":{"line":103,"column":8},"end":{"line":103,"column":59}},"45":{"start":{"line":108,"column":0},"end":{"line":115,"column":1}},"46":{"start":{"line":109,"column":4},"end":{"line":114,"column":6}}},"fnMap":{"0":{"name":"verificarSesion","decl":{"start":{"line":10,"column":9},"end":{"line":10,"column":24}},"loc":{"start":{"line":10,"column":27},"end":{"line":15,"column":1}},"line":10},"1":{"name":"mostrarMensaje","decl":{"start":{"line":20,"column":9},"end":{"line":20,"column":23}},"loc":{"start":{"line":20,"column":37},"end":{"line":29,"column":1}},"line":20},"2":{"name":"(anonymous_2)","decl":{"start":{"line":26,"column":15},"end":{"line":26,"column":16}},"loc":{"start":{"line":26,"column":21},"end":{"line":28,"column":5}},"line":26},"3":{"name":"register","decl":{"start":{"line":32,"column":15},"end":{"line":32,"column":23}},"loc":{"start":{"line":32,"column":31},"end":{"line":65,"column":1}},"line":32},"4":{"name":"login","decl":{"start":{"line":68,"column":15},"end":{"line":68,"column":20}},"loc":{"start":{"line":68,"column":28},"end":{"line":105,"column":1}},"line":68},"5":{"name":"(anonymous_5)","decl":{"start":{"line":94,"column":23},"end":{"line":94,"column":24}},"loc":{"start":{"line":94,"column":29},"end":{"line":96,"column":13}},"line":94}},"branchMap":{"0":{"loc":{"start":{"line":3,"column":0},"end":{"line":7,"column":1}},"type":"if","locations":[{"start":{"line":3,"column":0},"end":{"line":7,"column":1}},{"start":{"line":5,"column":7},"end":{"line":7,"column":1}}],"line":3},"1":{"loc":{"start":{"line":3,"column":4},"end":{"line":3,"column":88}},"type":"binary-expr","locations":[{"start":{"line":3,"column":4},"end":{"line":3,"column":44}},{"start":{"line":3,"column":48},"end":{"line":3,"column":88}}],"line":3},"2":{"loc":{"start":{"line":12,"column":4},"end":{"line":14,"column":5}},"type":"if","locations":[{"start":{"line":12,"column":4},"end":{"line":14,"column":5}},{"start":{},"end":{}}],"line":12},"3":{"loc":{"start":{"line":38,"column":4},"end":{"line":41,"column":5}},"type":"if","locations":[{"start":{"line":38,"column":4},"end":{"line":41,"column":5}},{"start":{},"end":{}}],"line":38},"4":{"loc":{"start":{"line":38,"column":8},"end":{"line":38,"column":30}},"type":"binary-expr","locations":[{"start":{"line":38,"column":8},"end":{"line":38,"column":17}},{"start":{"line":38,"column":21},"end":{"line":38,"column":30}}],"line":38},"5":{"loc":{"start":{"line":54,"column":8},"end":{"line":59,"column":9}},"type":"if","locations":[{"start":{"line":54,"column":8},"end":{"line":59,"column":9}},{"start":{"line":57,"column":15},"end":{"line":59,"column":9}}],"line":54},"6":{"loc":{"start":{"line":58,"column":27},"end":{"line":58,"column":74}},"type":"binary-expr","locations":[{"start":{"line":58,"column":27},"end":{"line":58,"column":42}},{"start":{"line":58,"column":46},"end":{"line":58,"column":74}}],"line":58},"7":{"loc":{"start":{"line":74,"column":4},"end":{"line":77,"column":5}},"type":"if","locations":[{"start":{"line":74,"column":4},"end":{"line":77,"column":5}},{"start":{},"end":{}}],"line":74},"8":{"loc":{"start":{"line":74,"column":8},"end":{"line":74,"column":30}},"type":"binary-expr","locations":[{"start":{"line":74,"column":8},"end":{"line":74,"column":17}},{"start":{"line":74,"column":21},"end":{"line":74,"column":30}}],"line":74},"9":{"loc":{"start":{"line":90,"column":8},"end":{"line":99,"column":9}},"type":"if","locations":[{"start":{"line":90,"column":8},"end":{"line":99,"column":9}},{"start":{"line":97,"column":15},"end":{"line":99,"column":9}}],"line":90},"10":{"loc":{"start":{"line":98,"column":27},"end":{"line":98,"column":71}},"type":"binary-expr","locations":[{"start":{"line":98,"column":27},"end":{"line":98,"column":42}},{"start":{"line":98,"column":46},"end":{"line":98,"column":71}}],"line":98},"11":{"loc":{"start":{"line":108,"column":0},"end":{"line":115,"column":1}},"type":"if","locations":[{"start":{"line":108,"column":0},"end":{"line":115,"column":1}},{"start":{},"end":{}}],"line":108},"12":{"loc":{"start":{"line":108,"column":4},"end":{"line":108,"column":51}},"type":"binary-expr","locations":[{"start":{"line":108,"column":4},"end":{"line":108,"column":33}},{"start":{"line":108,"column":37},"end":{"line":108,"column":51}}],"line":108}},"s":{"0":19,"1":19,"2":0,"3":19,"4":19,"5":0,"6":19,"7":18,"8":18,"9":18,"10":18,"11":18,"12":1,"13":8,"14":8,"15":8,"16":8,"17":2,"18":2,"19":6,"20":6,"21":5,"22":5,"23":3,"24":3,"25":2,"26":1,"27":1,"28":7,"29":7,"30":7,"31":7,"32":2,"33":2,"34":5,"35":5,"36":4,"37":4,"38":2,"39":2,"40":2,"41":0,"42":2,"43":1,"44":1,"45":19,"46":19},"f":{"0":19,"1":18,"2":1,"3":8,"4":7,"5":0},"b":{"0":[19,0],"1":[19,0],"2":[0,19],"3":[2,6],"4":[8,7],"5":[3,2],"6":[2,1],"7":[2,5],"8":[7,6],"9":[2,2],"10":[2,1],"11":[19,0],"12":[19,19]},"_coverageSchema":"1a1c01bbd47fc00a2c39e90264f33305004495a9","hash":"c42d79d7030981dd52122dad597f461b07fd18f6"}
}
