TN:
SF:app.js
FN:13,(anonymous_0)
FN:27,(anonymous_1)
FN:35,cerrarSesion
FN:41,cargarPalabras
FN:63,agregarPalabra
FN:98,eliminarPalabra
FN:124,editarPalabra
FN:165,ordenarPalabras
FN:179,(anonymous_8)
FN:182,(anonymous_9)
FN:185,(anonymous_10)
FN:188,(anonymous_11)
FN:192,(anonymous_12)
FN:208,filtrarPalabras
FN:218,(anonymous_14)
FN:227,(anonymous_15)
FN:243,mostrarMensaje
FN:248,(anonymous_17)
FN:265,(anonymous_18)
FN:266,(anonymous_19)
FN:267,(anonymous_20)
FN:268,(anonymous_21)
FNF:22
FNH:21
FNDA:5,(anonymous_0)
FNDA:0,(anonymous_1)
FNDA:1,cerrarSesion
FNDA:11,cargarPalabras
FNDA:3,agregarPalabra
FNDA:3,eliminarPalabra
FNDA:3,editarPalabra
FNDA:12,ordenarPalabras
FNDA:8,(anonymous_8)
FNDA:2,(anonymous_9)
FNDA:4,(anonymous_10)
FNDA:5,(anonymous_11)
FNDA:24,(anonymous_12)
FNDA:6,filtrarPalabras
FNDA:9,(anonymous_14)
FNDA:3,(anonymous_15)
FNDA:15,mostrarMensaje
FNDA:1,(anonymous_17)
FNDA:1,(anonymous_18)
FNDA:13,(anonymous_19)
FNDA:2,(anonymous_20)
FNDA:1,(anonymous_21)
DA:5,20
DA:6,20
DA:9,0
DA:13,20
DA:15,5
DA:16,5
DA:17,0
DA:18,0
DA:22,5
DA:24,5
DA:27,5
DA:28,0
DA:29,0
DA:36,1
DA:37,1
DA:42,11
DA:43,11
DA:44,10
DA:46,6
DA:47,6
DA:49,6
DA:50,4
DA:51,4
DA:54,2
DA:57,5
DA:58,5
DA:64,3
DA:65,3
DA:67,3
DA:68,1
DA:69,1
DA:72,2
DA:73,2
DA:81,2
DA:83,2
DA:84,1
DA:85,1
DA:86,1
DA:88,1
DA:92,0
DA:93,0
DA:99,3
DA:100,1
DA:103,2
DA:104,2
DA:108,2
DA:110,2
DA:111,1
DA:112,1
DA:114,1
DA:118,0
DA:119,0
DA:125,3
DA:127,3
DA:128,1
DA:131,2
DA:132,1
DA:133,1
DA:136,1
DA:137,1
DA:145,1
DA:147,1
DA:148,1
DA:149,1
DA:151,0
DA:155,0
DA:156,0
DA:161,20
DA:162,20
DA:166,12
DA:167,12
DA:170,12
DA:171,1
DA:172,1
DA:175,11
DA:177,11
DA:179,8
DA:180,3
DA:182,2
DA:183,1
DA:185,4
DA:186,1
DA:188,6
DA:189,6
DA:192,24
DA:209,6
DA:210,6
DA:213,6
DA:214,2
DA:215,2
DA:218,4
DA:219,9
DA:222,4
DA:223,1
DA:224,1
DA:227,3
DA:244,15
DA:245,15
DA:248,15
DA:249,1
DA:254,20
DA:255,20
DA:265,1
DA:266,13
DA:267,2
DA:268,1
LF:106
LH:94
BRDA:5,0,0,20
BRDA:5,0,1,0
BRDA:5,1,0,20
BRDA:5,1,1,0
BRDA:16,2,0,0
BRDA:16,2,1,5
BRDA:28,3,0,0
BRDA:28,3,1,0
BRDA:49,4,0,4
BRDA:49,4,1,2
BRDA:67,5,0,1
BRDA:67,5,1,2
BRDA:83,6,0,1
BRDA:83,6,1,1
BRDA:88,7,0,1
BRDA:88,7,1,0
BRDA:99,8,0,1
BRDA:99,8,1,2
BRDA:110,9,0,1
BRDA:110,9,1,1
BRDA:114,10,0,1
BRDA:114,10,1,0
BRDA:127,11,0,1
BRDA:127,11,1,2
BRDA:131,12,0,1
BRDA:131,12,1,1
BRDA:147,13,0,1
BRDA:147,13,1,0
BRDA:151,14,0,0
BRDA:151,14,1,0
BRDA:170,15,0,1
BRDA:170,15,1,11
BRDA:177,16,0,3
BRDA:177,16,1,1
BRDA:177,16,2,1
BRDA:177,16,3,6
BRDA:213,17,0,2
BRDA:213,17,1,4
BRDA:222,18,0,1
BRDA:222,18,1,3
BRDA:254,19,0,20
BRDA:254,19,1,0
BRDA:254,20,0,20
BRDA:254,20,1,20
BRF:44
BRH:33
end_of_record
TN:
SF:login.js
FN:10,verificarSesion
FN:20,mostrarMensaje
FN:26,(anonymous_2)
FN:32,register
FN:68,login
FN:94,(anonymous_5)
FNF:6
FNH:5
FNDA:19,verificarSesion
FNDA:18,mostrarMensaje
FNDA:1,(anonymous_2)
FNDA:8,register
FNDA:7,login
FNDA:0,(anonymous_5)
DA:3,19
DA:4,19
DA:6,0
DA:11,19
DA:12,19
DA:13,0
DA:17,19
DA:21,18
DA:22,18
DA:23,18
DA:24,18
DA:26,18
DA:27,1
DA:33,8
DA:35,8
DA:36,8
DA:38,8
DA:39,2
DA:40,2
DA:43,6
DA:44,6
DA:52,5
DA:54,5
DA:55,3
DA:56,3
DA:58,2
DA:62,1
DA:63,1
DA:69,7
DA:71,7
DA:72,7
DA:74,7
DA:75,2
DA:76,2
DA:79,5
DA:80,5
DA:88,4
DA:90,4
DA:92,2
DA:93,2
DA:94,2
DA:95,0
DA:98,2
DA:102,1
DA:103,1
DA:108,19
DA:109,19
LF:47
LH:44
BRDA:3,0,0,19
BRDA:3,0,1,0
BRDA:3,1,0,19
BRDA:3,1,1,0
BRDA:12,2,0,0
BRDA:12,2,1,19
BRDA:38,3,0,2
BRDA:38,3,1,6
BRDA:38,4,0,8
BRDA:38,4,1,7
BRDA:54,5,0,3
BRDA:54,5,1,2
BRDA:58,6,0,2
BRDA:58,6,1,1
BRDA:74,7,0,2
BRDA:74,7,1,5
BRDA:74,8,0,7
BRDA:74,8,1,6
BRDA:90,9,0,2
BRDA:90,9,1,2
BRDA:98,10,0,2
BRDA:98,10,1,1
BRDA:108,11,0,19
BRDA:108,11,1,0
BRDA:108,12,0,19
BRDA:108,12,1,19
BRF:26
BRH:22
end_of_record
