TN:
SF:app.js
FN:5,(anonymous_0)
FN:9,(anonymous_1)
FN:17,cargarPalabras
FN:31,(anonymous_3)
FN:52,agregarPalabra
FN:87,eliminarPalabra
FN:113,mostrarMensaje
FN:118,(anonymous_7)
FNF:8
FNH:6
FNDA:0,(anonymous_0)
FNDA:0,(anonymous_1)
FNDA:7,cargarPalabras
FNDA:5,(anonymous_3)
FNDA:3,agregarPalabra
FNDA:3,eliminarPalabra
FNDA:9,mostrarMensaje
FNDA:1,(anonymous_7)
DA:2,1
DA:5,1
DA:6,0
DA:9,0
DA:10,0
DA:11,0
DA:18,7
DA:19,7
DA:20,6
DA:22,6
DA:23,6
DA:25,6
DA:26,3
DA:27,3
DA:28,3
DA:31,5
DA:40,3
DA:41,1
DA:42,1
DA:46,1
DA:47,1
DA:53,3
DA:54,3
DA:56,3
DA:57,1
DA:58,1
DA:61,2
DA:62,2
DA:70,2
DA:72,2
DA:73,1
DA:74,1
DA:75,1
DA:77,1
DA:81,0
DA:82,0
DA:88,3
DA:89,1
DA:92,2
DA:93,2
DA:97,2
DA:99,2
DA:100,1
DA:101,1
DA:103,1
DA:107,0
DA:108,0
DA:114,9
DA:115,9
DA:118,9
DA:119,1
DA:124,1
DA:125,1
LF:53
LH:45
BRDA:10,0,0,0
BRDA:10,0,1,0
BRDA:25,1,0,3
BRDA:25,1,1,3
BRDA:27,2,0,1
BRDA:27,2,1,2
BRDA:40,3,0,1
BRDA:40,3,1,2
BRDA:42,4,0,1
BRDA:42,4,1,0
BRDA:56,5,0,1
BRDA:56,5,1,2
BRDA:72,6,0,1
BRDA:72,6,1,1
BRDA:77,7,0,1
BRDA:77,7,1,0
BRDA:88,8,0,1
BRDA:88,8,1,2
BRDA:99,9,0,1
BRDA:99,9,1,1
BRDA:103,10,0,1
BRDA:103,10,1,0
BRDA:124,11,0,1
BRDA:124,11,1,0
BRDA:124,12,0,1
BRDA:124,12,1,1
BRF:26
BRH:20
end_of_record
