{"total": {"lines":{"total":105,"covered":92,"skipped":0,"pct":87.61},"statements":{"total":105,"covered":92,"skipped":0,"pct":87.61},"functions":{"total":16,"covered":14,"skipped":0,"pct":87.5},"branches":{"total":44,"covered":39,"skipped":0,"pct":88.63},"branchesTrue":{"total":0,"covered":0,"skipped":0,"pct":"Unknown"}}
,"C:\\Users\\sofis\\TP7\\backend\\db.js": {"lines":{"total":10,"covered":9,"skipped":0,"pct":90},"functions":{"total":1,"covered":1,"skipped":0,"pct":100},"statements":{"total":10,"covered":9,"skipped":0,"pct":90},"branches":{"total":4,"covered":3,"skipped":0,"pct":75}}
,"C:\\Users\\sofis\\TP7\\backend\\index.js": {"lines":{"total":95,"covered":83,"skipped":0,"pct":87.36},"functions":{"total":15,"covered":13,"skipped":0,"pct":86.66},"statements":{"total":95,"covered":83,"skipped":0,"pct":87.36},"branches":{"total":40,"covered":36,"skipped":0,"pct":90}}
}
