{"total": {"lines":{"total":68,"covered":54,"skipped":0,"pct":79.41},"statements":{"total":68,"covered":54,"skipped":0,"pct":79.41},"functions":{"total":10,"covered":8,"skipped":0,"pct":80},"branches":{"total":24,"covered":18,"skipped":0,"pct":75},"branchesTrue":{"total":0,"covered":0,"skipped":0,"pct":"Unknown"}}
,"D:\\Users\\Valentina\\Desktop\\FINAL ING SOFT\\TP7-final-cervellini\\backend\\db.js": {"lines":{"total":9,"covered":8,"skipped":0,"pct":88.88},"functions":{"total":1,"covered":1,"skipped":0,"pct":100},"statements":{"total":9,"covered":8,"skipped":0,"pct":88.88},"branches":{"total":4,"covered":3,"skipped":0,"pct":75}}
,"D:\\Users\\Valentina\\Desktop\\FINAL ING SOFT\\TP7-final-cervellini\\backend\\index.js": {"lines":{"total":59,"covered":46,"skipped":0,"pct":77.96},"functions":{"total":9,"covered":7,"skipped":0,"pct":77.77},"statements":{"total":59,"covered":46,"skipped":0,"pct":77.96},"branches":{"total":20,"covered":15,"skipped":0,"pct":75}}
}
