{"D:\\Users\\Valentina\\Desktop\\FINAL ING SOFT\\TP7-final-cervellini\\backend\\db.js": {"path":"D:\\Users\\Valentina\\Desktop\\FINAL ING SOFT\\TP7-final-cervellini\\backend\\db.js","statementMap":{"0":{"start":{"line":1,"column":16},"end":{"line":1,"column":44}},"1":{"start":{"line":2,"column":13},"end":{"line":2,"column":28}},"2":{"start":{"line":4,"column":16},"end":{"line":4,"column":77}},"3":{"start":{"line":6,"column":11},"end":{"line":17,"column":2}},"4":{"start":{"line":7,"column":2},"end":{"line":16,"column":3}},"5":{"start":{"line":8,"column":4},"end":{"line":8,"column":68}},"6":{"start":{"line":10,"column":4},"end":{"line":10,"column":62}},"7":{"start":{"line":11,"column":4},"end":{"line":15,"column":8}},"8":{"start":{"line":19,"column":0},"end":{"line":19,"column":20}}},"fnMap":{"0":{"name":"(anonymous_0)","decl":{"start":{"line":6,"column":41},"end":{"line":6,"column":42}},"loc":{"start":{"line":6,"column":50},"end":{"line":17,"column":1}},"line":6}},"branchMap":{"0":{"loc":{"start":{"line":4,"column":16},"end":{"line":4,"column":77}},"type":"binary-expr","locations":[{"start":{"line":4,"column":16},"end":{"line":4,"column":35}},{"start":{"line":4,"column":39},"end":{"line":4,"column":77}}],"line":4},"1":{"loc":{"start":{"line":7,"column":2},"end":{"line":16,"column":3}},"type":"if","locations":[{"start":{"line":7,"column":2},"end":{"line":16,"column":3}},{"start":{"line":9,"column":9},"end":{"line":16,"column":3}}],"line":7}},"s":{"0":2,"1":2,"2":2,"3":2,"4":2,"5":0,"6":2,"7":2,"8":2},"f":{"0":2},"b":{"0":[2,2],"1":[0,2]},"_coverageSchema":"1a1c01bbd47fc00a2c39e90264f33305004495a9","hash":"616298bb2147b9eb96790f2a29db020b8be394aa"}
,"D:\\Users\\Valentina\\Desktop\\FINAL ING SOFT\\TP7-final-cervellini\\backend\\index.js": {"path":"D:\\Users\\Valentina\\Desktop\\FINAL ING SOFT\\TP7-final-cervellini\\backend\\index.js","statementMap":{"0":{"start":{"line":1,"column":16},"end":{"line":1,"column":34}},"1":{"start":{"line":2,"column":13},"end":{"line":2,"column":28}},"2":{"start":{"line":3,"column":13},"end":{"line":3,"column":28}},"3":{"start":{"line":4,"column":11},"end":{"line":4,"column":24}},"4":{"start":{"line":7,"column":13},"end":{"line":7,"column":37}},"5":{"start":{"line":10,"column":17},"end":{"line":10,"column":62}},"6":{"start":{"line":11,"column":17},"end":{"line":11,"column":54}},"7":{"start":{"line":14,"column":19},"end":{"line":14,"column":57}},"8":{"start":{"line":16,"column":0},"end":{"line":19,"column":1}},"9":{"start":{"line":18,"column":2},"end":{"line":18,"column":50}},"10":{"start":{"line":21,"column":0},"end":{"line":21,"column":58}},"11":{"start":{"line":24,"column":12},"end":{"line":24,"column":21}},"12":{"start":{"line":27,"column":0},"end":{"line":27,"column":16}},"13":{"start":{"line":28,"column":0},"end":{"line":28,"column":24}},"14":{"start":{"line":31,"column":0},"end":{"line":31,"column":38}},"15":{"start":{"line":34,"column":11},"end":{"line":34,"column":26}},"16":{"start":{"line":41,"column":0},"end":{"line":53,"column":3}},"17":{"start":{"line":42,"column":2},"end":{"line":42,"column":38}},"18":{"start":{"line":44,"column":2},"end":{"line":52,"column":5}},"19":{"start":{"line":45,"column":4},"end":{"line":48,"column":5}},"20":{"start":{"line":46,"column":6},"end":{"line":46,"column":45}},"21":{"start":{"line":47,"column":6},"end":{"line":47,"column":58}},"22":{"start":{"line":50,"column":4},"end":{"line":50,"column":57}},"23":{"start":{"line":51,"column":4},"end":{"line":51,"column":19}},"24":{"start":{"line":56,"column":0},"end":{"line":77,"column":3}},"25":{"start":{"line":57,"column":22},"end":{"line":57,"column":30}},"26":{"start":{"line":58,"column":2},"end":{"line":58,"column":51}},"27":{"start":{"line":60,"column":2},"end":{"line":62,"column":3}},"28":{"start":{"line":61,"column":4},"end":{"line":61,"column":70}},"29":{"start":{"line":64,"column":2},"end":{"line":76,"column":5}},"30":{"start":{"line":65,"column":4},"end":{"line":68,"column":5}},"31":{"start":{"line":66,"column":6},"end":{"line":66,"column":45}},"32":{"start":{"line":67,"column":6},"end":{"line":67,"column":58}},"33":{"start":{"line":70,"column":4},"end":{"line":70,"column":59}},"34":{"start":{"line":71,"column":4},"end":{"line":75,"column":7}},"35":{"start":{"line":80,"column":0},"end":{"line":97,"column":3}},"36":{"start":{"line":81,"column":17},"end":{"line":81,"column":27}},"37":{"start":{"line":82,"column":2},"end":{"line":82,"column":47}},"38":{"start":{"line":84,"column":2},"end":{"line":96,"column":5}},"39":{"start":{"line":85,"column":4},"end":{"line":88,"column":5}},"40":{"start":{"line":86,"column":6},"end":{"line":86,"column":45}},"41":{"start":{"line":87,"column":6},"end":{"line":87,"column":58}},"42":{"start":{"line":90,"column":4},"end":{"line":92,"column":5}},"43":{"start":{"line":91,"column":6},"end":{"line":91,"column":70}},"44":{"start":{"line":94,"column":4},"end":{"line":94,"column":51}},"45":{"start":{"line":95,"column":4},"end":{"line":95,"column":60}},"46":{"start":{"line":102,"column":0},"end":{"line":111,"column":3}},"47":{"start":{"line":103,"column":2},"end":{"line":110,"column":5}},"48":{"start":{"line":116,"column":0},"end":{"line":118,"column":3}},"49":{"start":{"line":117,"column":2},"end":{"line":117,"column":54}},"50":{"start":{"line":121,"column":0},"end":{"line":121,"column":21}},"51":{"start":{"line":124,"column":0},"end":{"line":133,"column":1}},"52":{"start":{"line":125,"column":2},"end":{"line":132,"column":5}},"53":{"start":{"line":126,"column":4},"end":{"line":126,"column":60}},"54":{"start":{"line":127,"column":4},"end":{"line":127,"column":59}},"55":{"start":{"line":128,"column":4},"end":{"line":128,"column":71}},"56":{"start":{"line":129,"column":4},"end":{"line":129,"column":61}},"57":{"start":{"line":130,"column":4},"end":{"line":130,"column":51}},"58":{"start":{"line":131,"column":4},"end":{"line":131,"column":60}}},"fnMap":{"0":{"name":"(anonymous_0)","decl":{"start":{"line":41,"column":25},"end":{"line":41,"column":26}},"loc":{"start":{"line":41,"column":39},"end":{"line":53,"column":1}},"line":41},"1":{"name":"(anonymous_1)","decl":{"start":{"line":44,"column":64},"end":{"line":44,"column":65}},"loc":{"start":{"line":44,"column":79},"end":{"line":52,"column":3}},"line":44},"2":{"name":"(anonymous_2)","decl":{"start":{"line":56,"column":26},"end":{"line":56,"column":27}},"loc":{"start":{"line":56,"column":40},"end":{"line":77,"column":1}},"line":56},"3":{"name":"(anonymous_3)","decl":{"start":{"line":64,"column":65},"end":{"line":64,"column":66}},"loc":{"start":{"line":64,"column":79},"end":{"line":76,"column":3}},"line":64},"4":{"name":"(anonymous_4)","decl":{"start":{"line":80,"column":32},"end":{"line":80,"column":33}},"loc":{"start":{"line":80,"column":46},"end":{"line":97,"column":1}},"line":80},"5":{"name":"(anonymous_5)","decl":{"start":{"line":84,"column":50},"end":{"line":84,"column":51}},"loc":{"start":{"line":84,"column":64},"end":{"line":96,"column":3}},"line":84},"6":{"name":"(anonymous_6)","decl":{"start":{"line":102,"column":19},"end":{"line":102,"column":20}},"loc":{"start":{"line":102,"column":33},"end":{"line":111,"column":1}},"line":102},"7":{"name":"(anonymous_7)","decl":{"start":{"line":116,"column":13},"end":{"line":116,"column":14}},"loc":{"start":{"line":116,"column":27},"end":{"line":118,"column":1}},"line":116},"8":{"name":"(anonymous_8)","decl":{"start":{"line":125,"column":30},"end":{"line":125,"column":31}},"loc":{"start":{"line":125,"column":36},"end":{"line":132,"column":3}},"line":125}},"branchMap":{"0":{"loc":{"start":{"line":7,"column":13},"end":{"line":7,"column":37}},"type":"binary-expr","locations":[{"start":{"line":7,"column":13},"end":{"line":7,"column":29}},{"start":{"line":7,"column":33},"end":{"line":7,"column":37}}],"line":7},"1":{"loc":{"start":{"line":10,"column":17},"end":{"line":10,"column":62}},"type":"binary-expr","locations":[{"start":{"line":10,"column":17},"end":{"line":10,"column":45}},{"start":{"line":10,"column":49},"end":{"line":10,"column":62}}],"line":10},"2":{"loc":{"start":{"line":11,"column":17},"end":{"line":11,"column":54}},"type":"binary-expr","locations":[{"start":{"line":11,"column":17},"end":{"line":11,"column":37}},{"start":{"line":11,"column":41},"end":{"line":11,"column":54}}],"line":11},"3":{"loc":{"start":{"line":16,"column":0},"end":{"line":19,"column":1}},"type":"if","locations":[{"start":{"line":16,"column":0},"end":{"line":19,"column":1}},{"start":{},"end":{}}],"line":16},"4":{"loc":{"start":{"line":45,"column":4},"end":{"line":48,"column":5}},"type":"if","locations":[{"start":{"line":45,"column":4},"end":{"line":48,"column":5}},{"start":{},"end":{}}],"line":45},"5":{"loc":{"start":{"line":60,"column":2},"end":{"line":62,"column":3}},"type":"if","locations":[{"start":{"line":60,"column":2},"end":{"line":62,"column":3}},{"start":{},"end":{}}],"line":60},"6":{"loc":{"start":{"line":65,"column":4},"end":{"line":68,"column":5}},"type":"if","locations":[{"start":{"line":65,"column":4},"end":{"line":68,"column":5}},{"start":{},"end":{}}],"line":65},"7":{"loc":{"start":{"line":85,"column":4},"end":{"line":88,"column":5}},"type":"if","locations":[{"start":{"line":85,"column":4},"end":{"line":88,"column":5}},{"start":{},"end":{}}],"line":85},"8":{"loc":{"start":{"line":90,"column":4},"end":{"line":92,"column":5}},"type":"if","locations":[{"start":{"line":90,"column":4},"end":{"line":92,"column":5}},{"start":{},"end":{}}],"line":90},"9":{"loc":{"start":{"line":124,"column":0},"end":{"line":133,"column":1}},"type":"if","locations":[{"start":{"line":124,"column":0},"end":{"line":133,"column":1}},{"start":{},"end":{}}],"line":124}},"s":{"0":2,"1":2,"2":2,"3":2,"4":2,"5":2,"6":2,"7":2,"8":2,"9":0,"10":2,"11":2,"12":2,"13":2,"14":2,"15":2,"16":2,"17":2,"18":2,"19":2,"20":1,"21":1,"22":1,"23":1,"24":2,"25":3,"26":3,"27":3,"28":2,"29":1,"30":1,"31":0,"32":0,"33":1,"34":1,"35":2,"36":2,"37":2,"38":2,"39":2,"40":0,"41":0,"42":2,"43":1,"44":1,"45":1,"46":2,"47":2,"48":2,"49":0,"50":2,"51":2,"52":0,"53":0,"54":0,"55":0,"56":0,"57":0,"58":0},"f":{"0":2,"1":2,"2":3,"3":1,"4":2,"5":2,"6":2,"7":0,"8":0},"b":{"0":[2,2],"1":[2,2],"2":[2,0],"3":[0,2],"4":[1,1],"5":[2,1],"6":[0,1],"7":[0,2],"8":[1,1],"9":[0,2]},"_coverageSchema":"1a1c01bbd47fc00a2c39e90264f33305004495a9","hash":"c9c43a291fba1ed73842c5d242369679527e6993"}
}
