{"C:\\Users\\sofis\\TP7\\backend\\db.js": {"path":"C:\\Users\\sofis\\TP7\\backend\\db.js","statementMap":{"0":{"start":{"line":1,"column":16},"end":{"line":1,"column":44}},"1":{"start":{"line":2,"column":13},"end":{"line":2,"column":28}},"2":{"start":{"line":4,"column":16},"end":{"line":4,"column":77}},"3":{"start":{"line":6,"column":11},"end":{"line":23,"column":2}},"4":{"start":{"line":7,"column":2},"end":{"line":22,"column":3}},"5":{"start":{"line":8,"column":4},"end":{"line":8,"column":68}},"6":{"start":{"line":10,"column":4},"end":{"line":10,"column":62}},"7":{"start":{"line":11,"column":4},"end":{"line":15,"column":8}},"8":{"start":{"line":16,"column":4},"end":{"line":21,"column":8}},"9":{"start":{"line":25,"column":0},"end":{"line":25,"column":20}}},"fnMap":{"0":{"name":"(anonymous_0)","decl":{"start":{"line":6,"column":41},"end":{"line":6,"column":42}},"loc":{"start":{"line":6,"column":50},"end":{"line":23,"column":1}},"line":6}},"branchMap":{"0":{"loc":{"start":{"line":4,"column":16},"end":{"line":4,"column":77}},"type":"binary-expr","locations":[{"start":{"line":4,"column":16},"end":{"line":4,"column":35}},{"start":{"line":4,"column":39},"end":{"line":4,"column":77}}],"line":4},"1":{"loc":{"start":{"line":7,"column":2},"end":{"line":22,"column":3}},"type":"if","locations":[{"start":{"line":7,"column":2},"end":{"line":22,"column":3}},{"start":{"line":9,"column":9},"end":{"line":22,"column":3}}],"line":7}},"s":{"0":3,"1":3,"2":3,"3":3,"4":3,"5":0,"6":3,"7":3,"8":3,"9":3},"f":{"0":3},"b":{"0":[3,3],"1":[0,3]},"_coverageSchema":"1a1c01bbd47fc00a2c39e90264f33305004495a9","hash":"3fcbb740c1382134ff509ed7c5c9469aa2c60753"}
,"C:\\Users\\sofis\\TP7\\backend\\index.js": {"path":"C:\\Users\\sofis\\TP7\\backend\\index.js","statementMap":{"0":{"start":{"line":1,"column":16},"end":{"line":1,"column":34}},"1":{"start":{"line":2,"column":13},"end":{"line":2,"column":28}},"2":{"start":{"line":3,"column":13},"end":{"line":3,"column":28}},"3":{"start":{"line":6,"column":13},"end":{"line":6,"column":37}},"4":{"start":{"line":9,"column":17},"end":{"line":9,"column":62}},"5":{"start":{"line":10,"column":17},"end":{"line":10,"column":54}},"6":{"start":{"line":13,"column":12},"end":{"line":13,"column":21}},"7":{"start":{"line":16,"column":0},"end":{"line":16,"column":16}},"8":{"start":{"line":17,"column":0},"end":{"line":17,"column":24}},"9":{"start":{"line":20,"column":0},"end":{"line":20,"column":64}},"10":{"start":{"line":23,"column":11},"end":{"line":23,"column":26}},"11":{"start":{"line":26,"column":0},"end":{"line":50,"column":3}},"12":{"start":{"line":27,"column":33},"end":{"line":27,"column":41}},"13":{"start":{"line":28,"column":2},"end":{"line":28,"column":52}},"14":{"start":{"line":30,"column":2},"end":{"line":32,"column":3}},"15":{"start":{"line":31,"column":4},"end":{"line":31,"column":78}},"16":{"start":{"line":34,"column":2},"end":{"line":49,"column":5}},"17":{"start":{"line":35,"column":4},"end":{"line":48,"column":5}},"18":{"start":{"line":36,"column":6},"end":{"line":36,"column":45}},"19":{"start":{"line":37,"column":6},"end":{"line":39,"column":7}},"20":{"start":{"line":38,"column":8},"end":{"line":38,"column":71}},"21":{"start":{"line":40,"column":6},"end":{"line":40,"column":51}},"22":{"start":{"line":42,"column":6},"end":{"line":42,"column":63}},"23":{"start":{"line":43,"column":6},"end":{"line":47,"column":9}},"24":{"start":{"line":52,"column":0},"end":{"line":76,"column":3}},"25":{"start":{"line":53,"column":33},"end":{"line":53,"column":41}},"26":{"start":{"line":54,"column":2},"end":{"line":54,"column":49}},"27":{"start":{"line":56,"column":2},"end":{"line":58,"column":3}},"28":{"start":{"line":57,"column":4},"end":{"line":57,"column":78}},"29":{"start":{"line":60,"column":2},"end":{"line":75,"column":5}},"30":{"start":{"line":61,"column":4},"end":{"line":74,"column":5}},"31":{"start":{"line":62,"column":6},"end":{"line":62,"column":45}},"32":{"start":{"line":63,"column":6},"end":{"line":63,"column":51}},"33":{"start":{"line":64,"column":11},"end":{"line":74,"column":5}},"34":{"start":{"line":65,"column":6},"end":{"line":65,"column":37}},"35":{"start":{"line":66,"column":6},"end":{"line":66,"column":74}},"36":{"start":{"line":68,"column":6},"end":{"line":68,"column":60}},"37":{"start":{"line":69,"column":6},"end":{"line":73,"column":9}},"38":{"start":{"line":79,"column":0},"end":{"line":90,"column":3}},"39":{"start":{"line":80,"column":2},"end":{"line":80,"column":38}},"40":{"start":{"line":81,"column":2},"end":{"line":89,"column":5}},"41":{"start":{"line":82,"column":4},"end":{"line":88,"column":5}},"42":{"start":{"line":83,"column":6},"end":{"line":83,"column":45}},"43":{"start":{"line":84,"column":6},"end":{"line":84,"column":51}},"44":{"start":{"line":86,"column":6},"end":{"line":86,"column":59}},"45":{"start":{"line":87,"column":6},"end":{"line":87,"column":21}},"46":{"start":{"line":92,"column":0},"end":{"line":113,"column":3}},"47":{"start":{"line":93,"column":22},"end":{"line":93,"column":30}},"48":{"start":{"line":94,"column":2},"end":{"line":94,"column":51}},"49":{"start":{"line":96,"column":2},"end":{"line":98,"column":3}},"50":{"start":{"line":97,"column":4},"end":{"line":97,"column":70}},"51":{"start":{"line":100,"column":2},"end":{"line":112,"column":5}},"52":{"start":{"line":101,"column":4},"end":{"line":111,"column":5}},"53":{"start":{"line":102,"column":6},"end":{"line":102,"column":45}},"54":{"start":{"line":103,"column":6},"end":{"line":103,"column":51}},"55":{"start":{"line":105,"column":6},"end":{"line":105,"column":61}},"56":{"start":{"line":106,"column":6},"end":{"line":110,"column":9}},"57":{"start":{"line":115,"column":0},"end":{"line":139,"column":3}},"58":{"start":{"line":116,"column":17},"end":{"line":116,"column":27}},"59":{"start":{"line":117,"column":22},"end":{"line":117,"column":30}},"60":{"start":{"line":118,"column":2},"end":{"line":118,"column":59}},"61":{"start":{"line":120,"column":2},"end":{"line":122,"column":3}},"62":{"start":{"line":121,"column":4},"end":{"line":121,"column":70}},"63":{"start":{"line":124,"column":2},"end":{"line":138,"column":5}},"64":{"start":{"line":125,"column":4},"end":{"line":137,"column":5}},"65":{"start":{"line":126,"column":6},"end":{"line":126,"column":45}},"66":{"start":{"line":127,"column":6},"end":{"line":127,"column":51}},"67":{"start":{"line":128,"column":11},"end":{"line":137,"column":5}},"68":{"start":{"line":129,"column":6},"end":{"line":129,"column":63}},"69":{"start":{"line":131,"column":6},"end":{"line":131,"column":55}},"70":{"start":{"line":132,"column":6},"end":{"line":136,"column":9}},"71":{"start":{"line":141,"column":0},"end":{"line":156,"column":3}},"72":{"start":{"line":142,"column":17},"end":{"line":142,"column":27}},"73":{"start":{"line":143,"column":2},"end":{"line":143,"column":47}},"74":{"start":{"line":145,"column":2},"end":{"line":155,"column":5}},"75":{"start":{"line":146,"column":4},"end":{"line":154,"column":5}},"76":{"start":{"line":147,"column":6},"end":{"line":147,"column":45}},"77":{"start":{"line":148,"column":6},"end":{"line":148,"column":51}},"78":{"start":{"line":149,"column":11},"end":{"line":154,"column":5}},"79":{"start":{"line":150,"column":4},"end":{"line":150,"column":61}},"80":{"start":{"line":152,"column":6},"end":{"line":152,"column":53}},"81":{"start":{"line":153,"column":6},"end":{"line":153,"column":62}},"82":{"start":{"line":159,"column":0},"end":{"line":168,"column":3}},"83":{"start":{"line":160,"column":2},"end":{"line":167,"column":5}},"84":{"start":{"line":171,"column":0},"end":{"line":173,"column":3}},"85":{"start":{"line":172,"column":2},"end":{"line":172,"column":69}},"86":{"start":{"line":176,"column":0},"end":{"line":176,"column":21}},"87":{"start":{"line":179,"column":0},"end":{"line":188,"column":1}},"88":{"start":{"line":180,"column":2},"end":{"line":187,"column":5}},"89":{"start":{"line":181,"column":4},"end":{"line":181,"column":60}},"90":{"start":{"line":182,"column":4},"end":{"line":182,"column":59}},"91":{"start":{"line":183,"column":4},"end":{"line":183,"column":71}},"92":{"start":{"line":184,"column":4},"end":{"line":184,"column":81}},"93":{"start":{"line":185,"column":4},"end":{"line":185,"column":51}},"94":{"start":{"line":186,"column":4},"end":{"line":186,"column":60}}},"fnMap":{"0":{"name":"(anonymous_0)","decl":{"start":{"line":26,"column":26},"end":{"line":26,"column":27}},"loc":{"start":{"line":26,"column":40},"end":{"line":50,"column":1}},"line":26},"1":{"name":"(anonymous_1)","decl":{"start":{"line":34,"column":90},"end":{"line":34,"column":91}},"loc":{"start":{"line":34,"column":104},"end":{"line":49,"column":3}},"line":34},"2":{"name":"(anonymous_2)","decl":{"start":{"line":52,"column":23},"end":{"line":52,"column":24}},"loc":{"start":{"line":52,"column":37},"end":{"line":76,"column":1}},"line":52},"3":{"name":"(anonymous_3)","decl":{"start":{"line":60,"column":93},"end":{"line":60,"column":94}},"loc":{"start":{"line":60,"column":107},"end":{"line":75,"column":3}},"line":60},"4":{"name":"(anonymous_4)","decl":{"start":{"line":79,"column":25},"end":{"line":79,"column":26}},"loc":{"start":{"line":79,"column":39},"end":{"line":90,"column":1}},"line":79},"5":{"name":"(anonymous_5)","decl":{"start":{"line":81,"column":64},"end":{"line":81,"column":65}},"loc":{"start":{"line":81,"column":79},"end":{"line":89,"column":3}},"line":81},"6":{"name":"(anonymous_6)","decl":{"start":{"line":92,"column":26},"end":{"line":92,"column":27}},"loc":{"start":{"line":92,"column":40},"end":{"line":113,"column":1}},"line":92},"7":{"name":"(anonymous_7)","decl":{"start":{"line":100,"column":65},"end":{"line":100,"column":66}},"loc":{"start":{"line":100,"column":79},"end":{"line":112,"column":3}},"line":100},"8":{"name":"(anonymous_8)","decl":{"start":{"line":115,"column":29},"end":{"line":115,"column":30}},"loc":{"start":{"line":115,"column":43},"end":{"line":139,"column":1}},"line":115},"9":{"name":"(anonymous_9)","decl":{"start":{"line":124,"column":72},"end":{"line":124,"column":73}},"loc":{"start":{"line":124,"column":86},"end":{"line":138,"column":3}},"line":124},"10":{"name":"(anonymous_10)","decl":{"start":{"line":141,"column":32},"end":{"line":141,"column":33}},"loc":{"start":{"line":141,"column":46},"end":{"line":156,"column":1}},"line":141},"11":{"name":"(anonymous_11)","decl":{"start":{"line":145,"column":50},"end":{"line":145,"column":51}},"loc":{"start":{"line":145,"column":64},"end":{"line":155,"column":3}},"line":145},"12":{"name":"(anonymous_12)","decl":{"start":{"line":159,"column":19},"end":{"line":159,"column":20}},"loc":{"start":{"line":159,"column":33},"end":{"line":168,"column":1}},"line":159},"13":{"name":"(anonymous_13)","decl":{"start":{"line":171,"column":13},"end":{"line":171,"column":14}},"loc":{"start":{"line":171,"column":27},"end":{"line":173,"column":1}},"line":171},"14":{"name":"(anonymous_14)","decl":{"start":{"line":180,"column":30},"end":{"line":180,"column":31}},"loc":{"start":{"line":180,"column":36},"end":{"line":187,"column":3}},"line":180}},"branchMap":{"0":{"loc":{"start":{"line":6,"column":13},"end":{"line":6,"column":37}},"type":"binary-expr","locations":[{"start":{"line":6,"column":13},"end":{"line":6,"column":29}},{"start":{"line":6,"column":33},"end":{"line":6,"column":37}}],"line":6},"1":{"loc":{"start":{"line":9,"column":17},"end":{"line":9,"column":62}},"type":"binary-expr","locations":[{"start":{"line":9,"column":17},"end":{"line":9,"column":45}},{"start":{"line":9,"column":49},"end":{"line":9,"column":62}}],"line":9},"2":{"loc":{"start":{"line":10,"column":17},"end":{"line":10,"column":54}},"type":"binary-expr","locations":[{"start":{"line":10,"column":17},"end":{"line":10,"column":37}},{"start":{"line":10,"column":41},"end":{"line":10,"column":54}}],"line":10},"3":{"loc":{"start":{"line":30,"column":2},"end":{"line":32,"column":3}},"type":"if","locations":[{"start":{"line":30,"column":2},"end":{"line":32,"column":3}},{"start":{},"end":{}}],"line":30},"4":{"loc":{"start":{"line":30,"column":6},"end":{"line":30,"column":28}},"type":"binary-expr","locations":[{"start":{"line":30,"column":6},"end":{"line":30,"column":15}},{"start":{"line":30,"column":19},"end":{"line":30,"column":28}}],"line":30},"5":{"loc":{"start":{"line":35,"column":4},"end":{"line":48,"column":5}},"type":"if","locations":[{"start":{"line":35,"column":4},"end":{"line":48,"column":5}},{"start":{"line":41,"column":11},"end":{"line":48,"column":5}}],"line":35},"6":{"loc":{"start":{"line":37,"column":6},"end":{"line":39,"column":7}},"type":"if","locations":[{"start":{"line":37,"column":6},"end":{"line":39,"column":7}},{"start":{},"end":{}}],"line":37},"7":{"loc":{"start":{"line":56,"column":2},"end":{"line":58,"column":3}},"type":"if","locations":[{"start":{"line":56,"column":2},"end":{"line":58,"column":3}},{"start":{},"end":{}}],"line":56},"8":{"loc":{"start":{"line":56,"column":6},"end":{"line":56,"column":28}},"type":"binary-expr","locations":[{"start":{"line":56,"column":6},"end":{"line":56,"column":15}},{"start":{"line":56,"column":19},"end":{"line":56,"column":28}}],"line":56},"9":{"loc":{"start":{"line":61,"column":4},"end":{"line":74,"column":5}},"type":"if","locations":[{"start":{"line":61,"column":4},"end":{"line":74,"column":5}},{"start":{"line":64,"column":11},"end":{"line":74,"column":5}}],"line":61},"10":{"loc":{"start":{"line":64,"column":11},"end":{"line":74,"column":5}},"type":"if","locations":[{"start":{"line":64,"column":11},"end":{"line":74,"column":5}},{"start":{"line":67,"column":11},"end":{"line":74,"column":5}}],"line":64},"11":{"loc":{"start":{"line":82,"column":4},"end":{"line":88,"column":5}},"type":"if","locations":[{"start":{"line":82,"column":4},"end":{"line":88,"column":5}},{"start":{"line":85,"column":11},"end":{"line":88,"column":5}}],"line":82},"12":{"loc":{"start":{"line":96,"column":2},"end":{"line":98,"column":3}},"type":"if","locations":[{"start":{"line":96,"column":2},"end":{"line":98,"column":3}},{"start":{},"end":{}}],"line":96},"13":{"loc":{"start":{"line":101,"column":4},"end":{"line":111,"column":5}},"type":"if","locations":[{"start":{"line":101,"column":4},"end":{"line":111,"column":5}},{"start":{"line":104,"column":11},"end":{"line":111,"column":5}}],"line":101},"14":{"loc":{"start":{"line":120,"column":2},"end":{"line":122,"column":3}},"type":"if","locations":[{"start":{"line":120,"column":2},"end":{"line":122,"column":3}},{"start":{},"end":{}}],"line":120},"15":{"loc":{"start":{"line":125,"column":4},"end":{"line":137,"column":5}},"type":"if","locations":[{"start":{"line":125,"column":4},"end":{"line":137,"column":5}},{"start":{"line":128,"column":11},"end":{"line":137,"column":5}}],"line":125},"16":{"loc":{"start":{"line":128,"column":11},"end":{"line":137,"column":5}},"type":"if","locations":[{"start":{"line":128,"column":11},"end":{"line":137,"column":5}},{"start":{"line":130,"column":11},"end":{"line":137,"column":5}}],"line":128},"17":{"loc":{"start":{"line":146,"column":4},"end":{"line":154,"column":5}},"type":"if","locations":[{"start":{"line":146,"column":4},"end":{"line":154,"column":5}},{"start":{"line":149,"column":11},"end":{"line":154,"column":5}}],"line":146},"18":{"loc":{"start":{"line":149,"column":11},"end":{"line":154,"column":5}},"type":"if","locations":[{"start":{"line":149,"column":11},"end":{"line":154,"column":5}},{"start":{"line":151,"column":11},"end":{"line":154,"column":5}}],"line":149},"19":{"loc":{"start":{"line":179,"column":0},"end":{"line":188,"column":1}},"type":"if","locations":[{"start":{"line":179,"column":0},"end":{"line":188,"column":1}},{"start":{},"end":{}}],"line":179}},"s":{"0":3,"1":3,"2":3,"3":3,"4":3,"5":3,"6":3,"7":3,"8":3,"9":3,"10":3,"11":3,"12":6,"13":6,"14":6,"15":3,"16":3,"17":3,"18":2,"19":2,"20":1,"21":1,"22":1,"23":1,"24":3,"25":5,"26":5,"27":5,"28":2,"29":3,"30":3,"31":1,"32":1,"33":2,"34":1,"35":1,"36":1,"37":1,"38":3,"39":2,"40":2,"41":2,"42":1,"43":1,"44":1,"45":1,"46":3,"47":3,"48":3,"49":3,"50":2,"51":1,"52":1,"53":0,"54":0,"55":1,"56":1,"57":3,"58":5,"59":5,"60":5,"61":5,"62":2,"63":3,"64":3,"65":1,"66":1,"67":2,"68":1,"69":1,"70":1,"71":3,"72":2,"73":2,"74":2,"75":2,"76":0,"77":0,"78":2,"79":1,"80":1,"81":1,"82":3,"83":2,"84":3,"85":0,"86":3,"87":3,"88":0,"89":0,"90":0,"91":0,"92":0,"93":0,"94":0},"f":{"0":6,"1":3,"2":5,"3":3,"4":2,"5":2,"6":3,"7":1,"8":5,"9":3,"10":2,"11":2,"12":2,"13":0,"14":0},"b":{"0":[3,3],"1":[3,3],"2":[3,0],"3":[3,3],"4":[6,4],"5":[2,1],"6":[1,1],"7":[2,3],"8":[5,4],"9":[1,2],"10":[1,1],"11":[1,1],"12":[2,1],"13":[0,1],"14":[2,3],"15":[1,2],"16":[1,1],"17":[0,2],"18":[1,1],"19":[0,3]},"_coverageSchema":"1a1c01bbd47fc00a2c39e90264f33305004495a9","hash":"679ac005c3e16f5cd56d4d1b9790078ab70dba60"}
}
