TN:
SF:db.js
FN:6,(anonymous_0)
FNF:1
FNH:1
FNDA:3,(anonymous_0)
DA:1,3
DA:2,3
DA:4,3
DA:6,3
DA:7,3
DA:8,0
DA:10,3
DA:11,3
DA:16,3
DA:25,3
LF:10
LH:9
BRDA:4,0,0,3
BRDA:4,0,1,3
BRDA:7,1,0,0
BRDA:7,1,1,3
BRF:4
BRH:3
end_of_record
TN:
SF:index.js
FN:26,(anonymous_0)
FN:34,(anonymous_1)
FN:52,(anonymous_2)
FN:60,(anonymous_3)
FN:79,(anonymous_4)
FN:81,(anonymous_5)
FN:92,(anonymous_6)
FN:100,(anonymous_7)
FN:115,(anonymous_8)
FN:124,(anonymous_9)
FN:141,(anonymous_10)
FN:145,(anonymous_11)
FN:159,(anonymous_12)
FN:171,(anonymous_13)
FN:180,(anonymous_14)
FNF:15
FNH:13
FNDA:6,(anonymous_0)
FNDA:3,(anonymous_1)
FNDA:5,(anonymous_2)
FNDA:3,(anonymous_3)
FNDA:2,(anonymous_4)
FNDA:2,(anonymous_5)
FNDA:3,(anonymous_6)
FNDA:1,(anonymous_7)
FNDA:5,(anonymous_8)
FNDA:3,(anonymous_9)
FNDA:2,(anonymous_10)
FNDA:2,(anonymous_11)
FNDA:2,(anonymous_12)
FNDA:0,(anonymous_13)
FNDA:0,(anonymous_14)
DA:1,3
DA:2,3
DA:3,3
DA:6,3
DA:9,3
DA:10,3
DA:13,3
DA:16,3
DA:17,3
DA:20,3
DA:23,3
DA:26,3
DA:27,6
DA:28,6
DA:30,6
DA:31,3
DA:34,3
DA:35,3
DA:36,2
DA:37,2
DA:38,1
DA:40,1
DA:42,1
DA:43,1
DA:52,3
DA:53,5
DA:54,5
DA:56,5
DA:57,2
DA:60,3
DA:61,3
DA:62,1
DA:63,1
DA:64,2
DA:65,1
DA:66,1
DA:68,1
DA:69,1
DA:79,3
DA:80,2
DA:81,2
DA:82,2
DA:83,1
DA:84,1
DA:86,1
DA:87,1
DA:92,3
DA:93,3
DA:94,3
DA:96,3
DA:97,2
DA:100,1
DA:101,1
DA:102,0
DA:103,0
DA:105,1
DA:106,1
DA:115,3
DA:116,5
DA:117,5
DA:118,5
DA:120,5
DA:121,2
DA:124,3
DA:125,3
DA:126,1
DA:127,1
DA:128,2
DA:129,1
DA:131,1
DA:132,1
DA:141,3
DA:142,2
DA:143,2
DA:145,2
DA:146,2
DA:147,0
DA:148,0
DA:149,2
DA:150,1
DA:152,1
DA:153,1
DA:159,3
DA:160,2
DA:171,3
DA:172,0
DA:176,3
DA:179,3
DA:180,0
DA:181,0
DA:182,0
DA:183,0
DA:184,0
DA:185,0
DA:186,0
LF:95
LH:83
BRDA:6,0,0,3
BRDA:6,0,1,3
BRDA:9,1,0,3
BRDA:9,1,1,3
BRDA:10,2,0,3
BRDA:10,2,1,0
BRDA:30,3,0,3
BRDA:30,3,1,3
BRDA:30,4,0,6
BRDA:30,4,1,4
BRDA:35,5,0,2
BRDA:35,5,1,1
BRDA:37,6,0,1
BRDA:37,6,1,1
BRDA:56,7,0,2
BRDA:56,7,1,3
BRDA:56,8,0,5
BRDA:56,8,1,4
BRDA:61,9,0,1
BRDA:61,9,1,2
BRDA:64,10,0,1
BRDA:64,10,1,1
BRDA:82,11,0,1
BRDA:82,11,1,1
BRDA:96,12,0,2
BRDA:96,12,1,1
BRDA:101,13,0,0
BRDA:101,13,1,1
BRDA:120,14,0,2
BRDA:120,14,1,3
BRDA:125,15,0,1
BRDA:125,15,1,2
BRDA:128,16,0,1
BRDA:128,16,1,1
BRDA:146,17,0,0
BRDA:146,17,1,2
BRDA:149,18,0,1
BRDA:149,18,1,1
BRDA:179,19,0,0
BRDA:179,19,1,3
BRF:40
BRH:36
end_of_record
