TN:
SF:db.js
FN:6,(anonymous_0)
FNF:1
FNH:1
FNDA:3,(anonymous_0)
DA:1,3
DA:2,3
DA:4,3
DA:6,3
DA:7,3
DA:8,0
DA:10,3
DA:11,3
DA:16,3
DA:25,3
LF:10
LH:9
BRDA:4,0,0,3
BRDA:4,0,1,3
BRDA:7,1,0,0
BRDA:7,1,1,3
BRF:4
BRH:3
end_of_record
TN:
SF:index.js
FN:31,(anonymous_0)
FN:39,(anonymous_1)
FN:57,(anonymous_2)
FN:65,(anonymous_3)
FN:84,(anonymous_4)
FN:86,(anonymous_5)
FN:97,(anonymous_6)
FN:105,(anonymous_7)
FN:120,(anonymous_8)
FN:129,(anonymous_9)
FN:146,(anonymous_10)
FN:150,(anonymous_11)
FN:164,(anonymous_12)
FN:176,(anonymous_13)
FN:185,(anonymous_14)
FNF:15
FNH:13
FNDA:6,(anonymous_0)
FNDA:3,(anonymous_1)
FNDA:5,(anonymous_2)
FNDA:3,(anonymous_3)
FNDA:2,(anonymous_4)
FNDA:2,(anonymous_5)
FNDA:3,(anonymous_6)
FNDA:1,(anonymous_7)
FNDA:5,(anonymous_8)
FNDA:3,(anonymous_9)
FNDA:2,(anonymous_10)
FNDA:2,(anonymous_11)
FNDA:2,(anonymous_12)
FNDA:0,(anonymous_13)
FNDA:0,(anonymous_14)
DA:1,3
DA:2,3
DA:3,3
DA:6,3
DA:9,3
DA:10,3
DA:13,3
DA:16,3
DA:17,3
DA:22,3
DA:25,3
DA:28,3
DA:31,3
DA:32,6
DA:33,6
DA:35,6
DA:36,3
DA:39,3
DA:40,3
DA:41,2
DA:42,2
DA:43,1
DA:45,1
DA:47,1
DA:48,1
DA:57,3
DA:58,5
DA:59,5
DA:61,5
DA:62,2
DA:65,3
DA:66,3
DA:67,1
DA:68,1
DA:69,2
DA:70,1
DA:71,1
DA:73,1
DA:74,1
DA:84,3
DA:85,2
DA:86,2
DA:87,2
DA:88,1
DA:89,1
DA:91,1
DA:92,1
DA:97,3
DA:98,3
DA:99,3
DA:101,3
DA:102,2
DA:105,1
DA:106,1
DA:107,0
DA:108,0
DA:110,1
DA:111,1
DA:120,3
DA:121,5
DA:122,5
DA:123,5
DA:125,5
DA:126,2
DA:129,3
DA:130,3
DA:131,1
DA:132,1
DA:133,2
DA:134,1
DA:136,1
DA:137,1
DA:146,3
DA:147,2
DA:148,2
DA:150,2
DA:151,2
DA:152,0
DA:153,0
DA:154,2
DA:155,1
DA:157,1
DA:158,1
DA:164,3
DA:165,2
DA:176,3
DA:177,0
DA:181,3
DA:184,3
DA:185,0
DA:186,0
DA:187,0
DA:188,0
DA:189,0
DA:190,0
DA:191,0
LF:96
LH:84
BRDA:6,0,0,3
BRDA:6,0,1,3
BRDA:9,1,0,3
BRDA:9,1,1,3
BRDA:10,2,0,3
BRDA:10,2,1,0
BRDA:22,3,0,0
BRDA:22,3,1,3
BRDA:35,4,0,3
BRDA:35,4,1,3
BRDA:35,5,0,6
BRDA:35,5,1,4
BRDA:40,6,0,2
BRDA:40,6,1,1
BRDA:42,7,0,1
BRDA:42,7,1,1
BRDA:61,8,0,2
BRDA:61,8,1,3
BRDA:61,9,0,5
BRDA:61,9,1,4
BRDA:66,10,0,1
BRDA:66,10,1,2
BRDA:69,11,0,1
BRDA:69,11,1,1
BRDA:87,12,0,1
BRDA:87,12,1,1
BRDA:101,13,0,2
BRDA:101,13,1,1
BRDA:106,14,0,0
BRDA:106,14,1,1
BRDA:125,15,0,2
BRDA:125,15,1,3
BRDA:130,16,0,1
BRDA:130,16,1,2
BRDA:133,17,0,1
BRDA:133,17,1,1
BRDA:151,18,0,0
BRDA:151,18,1,2
BRDA:154,19,0,1
BRDA:154,19,1,1
BRDA:184,20,0,0
BRDA:184,20,1,3
BRF:42
BRH:37
end_of_record
