<?xml version="1.0" encoding="UTF-8"?>
<testsuites name="jest tests" tests="22" failures="0" errors="0" time="3.489">
  <testsuite name="Health Check Endpoint" errors="0" failures="0" skipped="0" timestamp="2025-11-27T16:16:20" time="2.562" tests="2">
    <testcase classname="Health Check Endpoint" name="GET /health debe devolver status OK" time="0.218">
    </testcase>
    <testcase classname="Health Check Endpoint" name="GET /health debe incluir información del entorno" time="0.027">
    </testcase>
  </testsuite>
  <testsuite name="Autenticación API" errors="0" failures="0" skipped="0" timestamp="2025-11-27T16:16:20" time="2.768" tests="8">
    <testcase classname="Autenticación API › POST /api/register" name="debería registrar un nuevo usuario correctamente" time="0.231">
    </testcase>
    <testcase classname="Autenticación API › POST /api/register" name="debería validar que username y password sean requeridos" time="0.064">
    </testcase>
    <testcase classname="Autenticación API › POST /api/register" name="debería retornar error si el usuario ya existe" time="0.049">
    </testcase>
    <testcase classname="Autenticación API › POST /api/register" name="debería manejar errores de base de datos" time="0.036">
    </testcase>
    <testcase classname="Autenticación API › POST /api/login" name="debería iniciar sesión correctamente con credenciales válidas" time="0.026">
    </testcase>
    <testcase classname="Autenticación API › POST /api/login" name="debería validar que username y password sean requeridos" time="0.037">
    </testcase>
    <testcase classname="Autenticación API › POST /api/login" name="debería retornar error con credenciales incorrectas" time="0.029">
    </testcase>
    <testcase classname="Autenticación API › POST /api/login" name="debería manejar errores de base de datos" time="0.023">
    </testcase>
  </testsuite>
  <testsuite name="Palabras API" errors="0" failures="0" skipped="0" timestamp="2025-11-27T16:16:20" time="2.822" tests="12">
    <testcase classname="Palabras API › GET /api/palabras" name="debería devolver todas las palabras" time="0.219">
    </testcase>
    <testcase classname="Palabras API › GET /api/palabras" name="debería manejar errores de la BD" time="0.041">
    </testcase>
    <testcase classname="Palabras API › POST /api/palabras" name="debería crear una nueva palabra" time="0.087">
    </testcase>
    <testcase classname="Palabras API › POST /api/palabras" name="debería validar que la palabra no esté vacía" time="0.021">
    </testcase>
    <testcase classname="Palabras API › POST /api/palabras" name="debería validar que el campo palabra exista" time="0.019">
    </testcase>
    <testcase classname="Palabras API › DELETE /api/palabras/:id" name="debería eliminar una palabra" time="0.032">
    </testcase>
    <testcase classname="Palabras API › DELETE /api/palabras/:id" name="debería retornar 404 si la palabra no existe" time="0.018">
    </testcase>
    <testcase classname="Palabras API › PUT /api/palabras/:id" name="debería actualizar una palabra existente" time="0.023">
    </testcase>
    <testcase classname="Palabras API › PUT /api/palabras/:id" name="debería validar que la palabra no esté vacía al actualizar" time="0.013">
    </testcase>
    <testcase classname="Palabras API › PUT /api/palabras/:id" name="debería validar que el campo palabra exista al actualizar" time="0.014">
    </testcase>
    <testcase classname="Palabras API › PUT /api/palabras/:id" name="debería retornar 404 si la palabra a actualizar no existe" time="0.017">
    </testcase>
    <testcase classname="Palabras API › PUT /api/palabras/:id" name="debería manejar errores de base de datos al actualizar" time="0.019">
    </testcase>
  </testsuite>
</testsuites>