<?xml version="1.0" encoding="UTF-8"?>
<testsuites name="jest tests" tests="22" failures="0" errors="0" time="2.508">
  <testsuite name="Health Check Endpoint" errors="0" failures="0" skipped="0" timestamp="2025-12-08T20:44:25" time="1.879" tests="2">
    <testcase classname="Health Check Endpoint" name="GET /health debe devolver status OK" time="0.117">
    </testcase>
    <testcase classname="Health Check Endpoint" name="GET /health debe incluir información del entorno" time="0.014">
    </testcase>
  </testsuite>
  <testsuite name="Autenticación API" errors="0" failures="0" skipped="0" timestamp="2025-12-08T20:44:25" time="2.067" tests="8">
    <testcase classname="Autenticación API › POST /api/register" name="debería registrar un nuevo usuario correctamente" time="0.176">
    </testcase>
    <testcase classname="Autenticación API › POST /api/register" name="debería validar que username y password sean requeridos" time="0.034">
    </testcase>
    <testcase classname="Autenticación API › POST /api/register" name="debería retornar error si el usuario ya existe" time="0.018">
    </testcase>
    <testcase classname="Autenticación API › POST /api/register" name="debería manejar errores de base de datos" time="0.014">
    </testcase>
    <testcase classname="Autenticación API › POST /api/login" name="debería iniciar sesión correctamente con credenciales válidas" time="0.011">
    </testcase>
    <testcase classname="Autenticación API › POST /api/login" name="debería validar que username y password sean requeridos" time="0.015">
    </testcase>
    <testcase classname="Autenticación API › POST /api/login" name="debería retornar error con credenciales incorrectas" time="0.008">
    </testcase>
    <testcase classname="Autenticación API › POST /api/login" name="debería manejar errores de base de datos" time="0.013">
    </testcase>
  </testsuite>
  <testsuite name="Palabras API" errors="0" failures="0" skipped="0" timestamp="2025-12-08T20:44:25" time="2.071" tests="12">
    <testcase classname="Palabras API › GET /api/palabras" name="debería devolver todas las palabras" time="0.16">
    </testcase>
    <testcase classname="Palabras API › GET /api/palabras" name="debería manejar errores de la BD" time="0.028">
    </testcase>
    <testcase classname="Palabras API › POST /api/palabras" name="debería crear una nueva palabra" time="0.035">
    </testcase>
    <testcase classname="Palabras API › POST /api/palabras" name="debería validar que la palabra no esté vacía" time="0.008">
    </testcase>
    <testcase classname="Palabras API › POST /api/palabras" name="debería validar que el campo palabra exista" time="0.009">
    </testcase>
    <testcase classname="Palabras API › DELETE /api/palabras/:id" name="debería eliminar una palabra" time="0.014">
    </testcase>
    <testcase classname="Palabras API › DELETE /api/palabras/:id" name="debería retornar 404 si la palabra no existe" time="0.007">
    </testcase>
    <testcase classname="Palabras API › PUT /api/palabras/:id" name="debería actualizar una palabra existente" time="0.01">
    </testcase>
    <testcase classname="Palabras API › PUT /api/palabras/:id" name="debería validar que la palabra no esté vacía al actualizar" time="0.008">
    </testcase>
    <testcase classname="Palabras API › PUT /api/palabras/:id" name="debería validar que el campo palabra exista al actualizar" time="0.009">
    </testcase>
    <testcase classname="Palabras API › PUT /api/palabras/:id" name="debería retornar 404 si la palabra a actualizar no existe" time="0.005">
    </testcase>
    <testcase classname="Palabras API › PUT /api/palabras/:id" name="debería manejar errores de base de datos al actualizar" time="0.014">
    </testcase>
  </testsuite>
</testsuites>