<?xml version="1.0" encoding="UTF-8"?>
<testsuites name="Mocha Tests" time="2.830" tests="1" failures="0">
  <testsuite name="Root Suite" timestamp="2025-12-07T19:09:15" tests="0" file="cypress\e2e\add_empty_word.cy.js" time="0.000" failures="0">
  </testsuite>
  <testsuite name="Validación de palabra vacía" timestamp="2025-12-07T19:09:15" tests="1" time="2.814" failures="0">
    <testcase name="Validación de palabra vacía No agrega palabra si el input está vacío" time="2.759" classname="No agrega palabra si el input está vacío">
    </testcase>
  </testsuite>
</testsuites>