<?xml version="1.0" encoding="UTF-8"?>
<testsuites name="Mocha Tests" time="0.397" tests="1" failures="1">
  <testsuite name="Root Suite" timestamp="2025-12-07T20:39:24" tests="0" file="cypress\e2e\delete_cancelled.cy.js" time="0.000" failures="0">
  </testsuite>
  <testsuite name="Cancelación de borrado" timestamp="2025-12-07T20:39:24" tests="1" time="0.394" failures="1">
    <testcase name="Cancelación de borrado No borra la palabra si el usuario cancela la confirmación" time="0.000" classname="No borra la palabra si el usuario cancela la confirmación">
      <failure message="`cy.request()` failed on:

http://localhost:3000/api/palabras

The response we received from your web server was:

  &gt; 500: Internal Server Error

This was considered a failure because the status code was not `2xx` or `3xx`.

If you do not want status codes to cause failures pass the option: `failOnStatusCode: false`

-----------------------------------------------------------

The request we sent was:

Method: POST
URL: http://localhost:3000/api/palabras
Headers: {
  &quot;Connection&quot;: &quot;keep-alive&quot;,
  &quot;user-agent&quot;: &quot;Mozilla/5.0 (Windows NT 10.0; Win64; x64) AppleWebKit/537.36 (KHTML, like Gecko) Cypress/15.7.1 Chrome/138.0.7204.251 Electron/37.6.0 Safari/537.36&quot;,
  &quot;accept&quot;: &quot;*/*&quot;,
  &quot;accept-encoding&quot;: &quot;gzip, deflate&quot;,
  &quot;content-type&quot;: &quot;application/json&quot;,
  &quot;content-length&quot;: 30
}
Body: {&quot;palabra&quot;:&quot;cypress-cancelar&quot;}

-----------------------------------------------------------

The response we got was:

Status: 500 - Internal Server Error
Headers: {
  &quot;x-powered-by&quot;: &quot;Express&quot;,
  &quot;access-control-allow-origin&quot;: &quot;*&quot;,
  &quot;content-security-policy&quot;: &quot;default-src &apos;none&apos;&quot;,
  &quot;x-content-type-options&quot;: &quot;nosniff&quot;,
  &quot;content-type&quot;: &quot;text/html; charset=utf-8&quot;,
  &quot;content-length&quot;: &quot;1638&quot;,
  &quot;date&quot;: &quot;Sun, 07 Dec 2025 20:39:24 GMT&quot;,
  &quot;connection&quot;: &quot;keep-alive&quot;,
  &quot;keep-alive&quot;: &quot;timeout=5&quot;
}
Body: &lt;!DOCTYPE html&gt;
&lt;html lang=&quot;en&quot;&gt;
&lt;head&gt;
&lt;meta charset=&quot;utf-8&quot;&gt;
&lt;title&gt;Error&lt;/title&gt;
&lt;/head&gt;
&lt;body&gt;
&lt;pre&gt;TypeError: db.run is not a function&lt;br&gt; &amp;nbsp; &amp;nbsp;at D:\Users\Valentina\Desktop\FINAL ING SOFT\TP7-final-cervellini\backend\index.js:112:6&lt;br&gt; &amp;nbsp; &amp;nbsp;at Layer.handle [as handle_request] (D:\Users\Valentina\Desktop\FINAL ING SOFT\TP7-final-cervellini\backend\node_modules\express\lib\router\layer.js:95:5)&lt;br&gt; &amp;nbsp; &amp;nbsp;at next (D:\Users\Valentina\Desktop\FINAL ING SOFT\TP7-final-cervellini\backend\node_modules\express\lib\router\route.js:149:13)&lt;br&gt; &amp;nbsp; &amp;nbsp;at Route.dispatch (D:\Users\Valentina\Desktop\FINAL ING SOFT\TP7-final-cervellini\backend\node_modules\express\lib\router\route.js:119:3)&lt;br&gt; &amp;nbsp; &amp;nbsp;at Layer.handle [as handle_request] (D:\Users\Valentina\Desktop\FINAL ING SOFT\TP7-final-cervellini\backend\node_modules\express\lib\router\layer.js:95:5)&lt;br&gt; &amp;nbsp; &amp;nbsp;at D:\Users\Valentina\Desktop\FINAL ING SOFT\TP7-final-cervellini\backend\node_modules\express\lib\router\index.js:284:15&lt;br&gt; &amp;nbsp; &amp;nbsp;at router.process_params (D:\Users\Valentina\Desktop\FINAL ING SOFT\TP7-final-cervellini\backend\node_modules\express\lib\router\index.js:346:12)&lt;br&gt; &amp;nbsp; &amp;nbsp;at next (D:\Users\Valentina\Desktop\FINAL ING SOFT\TP7-final-cervellini\backend\node_modules\express\lib\router\index.js:280:10)&lt;br&gt; &amp;nbsp; &amp;nbsp;at D:\Users\Valentina\Desktop\FINAL ING SOFT\TP7-final-cervellini\backend\index.js:37:3&lt;br&gt; &amp;nbsp; &amp;nbsp;at Layer.handle [as handle_request] (D:\Users\Valentina\Desktop\FINAL ING SOFT\TP7-final-cervellini\backend\node_modules\express\lib\router\layer.js:95:5)&lt;/pre&gt;
&lt;/body&gt;
&lt;/html&gt;

https://on.cypress.io/request" type="CypressError"><![CDATA[CypressError: `cy.request()` failed on:

http://localhost:3000/api/palabras

The response we received from your web server was:

  > 500: Internal Server Error

This was considered a failure because the status code was not `2xx` or `3xx`.

If you do not want status codes to cause failures pass the option: `failOnStatusCode: false`

-----------------------------------------------------------

The request we sent was:

Method: POST
URL: http://localhost:3000/api/palabras
Headers: {
  "Connection": "keep-alive",
  "user-agent": "Mozilla/5.0 (Windows NT 10.0; Win64; x64) AppleWebKit/537.36 (KHTML, like Gecko) Cypress/15.7.1 Chrome/138.0.7204.251 Electron/37.6.0 Safari/537.36",
  "accept": "*/*",
  "accept-encoding": "gzip, deflate",
  "content-type": "application/json",
  "content-length": 30
}
Body: {"palabra":"cypress-cancelar"}

-----------------------------------------------------------

The response we got was:

Status: 500 - Internal Server Error
Headers: {
  "x-powered-by": "Express",
  "access-control-allow-origin": "*",
  "content-security-policy": "default-src 'none'",
  "x-content-type-options": "nosniff",
  "content-type": "text/html; charset=utf-8",
  "content-length": "1638",
  "date": "Sun, 07 Dec 2025 20:39:24 GMT",
  "connection": "keep-alive",
  "keep-alive": "timeout=5"
}
Body: <!DOCTYPE html>
<html lang="en">
<head>
<meta charset="utf-8">
<title>Error</title>
</head>
<body>
<pre>TypeError: db.run is not a function<br> &nbsp; &nbsp;at D:\Users\Valentina\Desktop\FINAL ING SOFT\TP7-final-cervellini\backend\index.js:112:6<br> &nbsp; &nbsp;at Layer.handle [as handle_request] (D:\Users\Valentina\Desktop\FINAL ING SOFT\TP7-final-cervellini\backend\node_modules\express\lib\router\layer.js:95:5)<br> &nbsp; &nbsp;at next (D:\Users\Valentina\Desktop\FINAL ING SOFT\TP7-final-cervellini\backend\node_modules\express\lib\router\route.js:149:13)<br> &nbsp; &nbsp;at Route.dispatch (D:\Users\Valentina\Desktop\FINAL ING SOFT\TP7-final-cervellini\backend\node_modules\express\lib\router\route.js:119:3)<br> &nbsp; &nbsp;at Layer.handle [as handle_request] (D:\Users\Valentina\Desktop\FINAL ING SOFT\TP7-final-cervellini\backend\node_modules\express\lib\router\layer.js:95:5)<br> &nbsp; &nbsp;at D:\Users\Valentina\Desktop\FINAL ING SOFT\TP7-final-cervellini\backend\node_modules\express\lib\router\index.js:284:15<br> &nbsp; &nbsp;at router.process_params (D:\Users\Valentina\Desktop\FINAL ING SOFT\TP7-final-cervellini\backend\node_modules\express\lib\router\index.js:346:12)<br> &nbsp; &nbsp;at next (D:\Users\Valentina\Desktop\FINAL ING SOFT\TP7-final-cervellini\backend\node_modules\express\lib\router\index.js:280:10)<br> &nbsp; &nbsp;at D:\Users\Valentina\Desktop\FINAL ING SOFT\TP7-final-cervellini\backend\index.js:37:3<br> &nbsp; &nbsp;at Layer.handle [as handle_request] (D:\Users\Valentina\Desktop\FINAL ING SOFT\TP7-final-cervellini\backend\node_modules\express\lib\router\layer.js:95:5)</pre>
</body>
</html>

https://on.cypress.io/request
    at <unknown> (http://localhost:3000/__cypress/runner/cypress_runner.js:135916:72)
    at tryCatcher (http://localhost:3000/__cypress/runner/cypress_runner.js:1777:23)
    at Promise._settlePromiseFromHandler (http://localhost:3000/__cypress/runner/cypress_runner.js:1489:31)
    at Promise._settlePromise (http://localhost:3000/__cypress/runner/cypress_runner.js:1546:18)
    at Promise._settlePromise0 (http://localhost:3000/__cypress/runner/cypress_runner.js:1591:10)
    at Promise._settlePromises (http://localhost:3000/__cypress/runner/cypress_runner.js:1671:18)
    at _drainQueueStep (http://localhost:3000/__cypress/runner/cypress_runner.js:2377:12)
    at _drainQueue (http://localhost:3000/__cypress/runner/cypress_runner.js:2370:9)
    at Async._drainQueues (http://localhost:3000/__cypress/runner/cypress_runner.js:2386:5)
    at Async.drainQueues (http://localhost:3000/__cypress/runner/cypress_runner.js:2256:14)
From Your Spec Code:
    at Context.eval (webpack:///./cypress/e2e/delete_cancelled.cy.js:7:7)]]></failure>
    </testcase>
  </testsuite>
</testsuites>