<?xml version="1.0" encoding="UTF-8"?>
<testsuites name="Mocha Tests" time="11.876" tests="1" failures="1">
  <testsuite name="Root Suite" timestamp="2025-12-07T19:09:23" tests="0" file="cypress\e2e\delete.cy.js" time="0.000" failures="0">
  </testsuite>
  <testsuite name="Confirmación de borrado aceptada" timestamp="2025-12-07T19:09:23" tests="1" time="11.864" failures="1">
    <testcase name="Confirmación de borrado aceptada Elimina la palabra si el usuario confirma" time="0.000" classname="Elimina la palabra si el usuario confirma">
      <failure message="Timed out retrying after 10000ms: Expected to find element: `#listaPalabras .palabra-item`, but never found it." type="AssertionError"><![CDATA[AssertionError: Timed out retrying after 10000ms: Expected to find element: `#listaPalabras .palabra-item`, but never found it.
    at Context.eval (webpack:///./cypress/e2e/delete.cy.js:9:7)]]></failure>
    </testcase>
  </testsuite>
</testsuites>