<?xml version="1.0" encoding="UTF-8"?>
<testsuites name="Mocha Tests" time="0.502" tests="1" failures="1">
  <testsuite name="Root Suite" timestamp="2025-12-07T22:02:19" tests="0" file="cypress\e2e\delete_cancelled.cy.js" time="0.000" failures="0">
  </testsuite>
  <testsuite name="Cancelación de borrado" timestamp="2025-12-07T22:02:19" tests="1" time="0.501" failures="1">
    <testcase name="Cancelación de borrado No borra la palabra si el usuario cancela" time="0.000" classname="No borra la palabra si el usuario cancela">
      <failure message="`cy.request()` failed on:

https://palabras-qa-gebud8fdgxejeyen.brazilsouth-01.azurewebsites.net/api/palabras

The response we received from your web server was:

  &gt; 403: Forbidden

This was considered a failure because the status code was not `2xx` or `3xx`.

If you do not want status codes to cause failures pass the option: `failOnStatusCode: false`

-----------------------------------------------------------

The request we sent was:

Method: POST
URL: https://palabras-qa-gebud8fdgxejeyen.brazilsouth-01.azurewebsites.net/api/palabras
Headers: {
  &quot;Connection&quot;: &quot;keep-alive&quot;,
  &quot;user-agent&quot;: &quot;Mozilla/5.0 (Windows NT 10.0; Win64; x64) AppleWebKit/537.36 (KHTML, like Gecko) Cypress/15.7.1 Chrome/138.0.7204.251 Electron/37.6.0 Safari/537.36&quot;,
  &quot;accept&quot;: &quot;*/*&quot;,
  &quot;accept-encoding&quot;: &quot;gzip, deflate&quot;,
  &quot;content-type&quot;: &quot;application/json&quot;,
  &quot;content-length&quot;: 44
}
Body: {&quot;palabra&quot;:&quot;cypress-cancelar-1765144939766&quot;}

-----------------------------------------------------------

The response we got was:

Status: 403 - Forbidden
Headers: {
  &quot;content-length&quot;: &quot;1148&quot;,
  &quot;connection&quot;: &quot;close&quot;,
  &quot;content-type&quot;: &quot;text/html&quot;,
  &quot;date&quot;: &quot;Sun, 07 Dec 2025 22:02:19 GMT&quot;
}
Body: &lt;!DOCTYPE html&gt;&lt;html&gt;&lt;head&gt;&lt;title&gt;Web App - Unavailable&lt;/title&gt;&lt;style type=&quot;text/css&quot;&gt;html{height:100%;width:100%;}#feature{width:960px;margin:95px auto 0 auto;overflow:auto;}#content{font-family:&quot;Segoe UI&quot;;font-weight:normal;font-size:22px;color:#fff;float:left;width:460px;margin-top:68px;margin-left:0px;vertical-align:middle;}#content h1{font-family:&quot;Segoe UI Light&quot;;color:#fff;font-weight:normal;font-size:60px;line-height:48pt;width:800px;}p a,p a:visited,p a:active,p a:hover{color:#fff;}&lt;/style&gt;&lt;/head&gt;&lt;body bgcolor=&quot;#00abec&quot;&gt;&lt;div id=&quot;feature&quot;&gt;&lt;div id=&quot;content&quot;&gt;&lt;h1 id=&quot;unavailable&quot;&gt;Error 403 - This web app is stopped.&lt;/h1&gt;&lt;p id=&quot;tryAgain&quot;&gt;The web app you have attempted to reach is currently stopped and does not accept any requests. Please try to reload the page or visit it again soon.&lt;/p&gt;&lt;p id=&quot;toAdmin&quot;&gt;If you are the web app administrator, please find the common 403 error scenarios and resolution &lt;a href=&quot;https://go.microsoft.com/fwlink/?linkid=2095007&quot; target=&quot;_blank&quot;&gt;here&lt;/a&gt;. For further troubleshooting tools and recommendations, please visit &lt;a href=&quot;https://portal.azure.com/&quot;&gt;Azure Portal&lt;/a&gt;.&lt;/p&gt;&lt;/div&gt;&lt;/div&gt;&lt;/body&gt;&lt;/html&gt;


https://on.cypress.io/request" type="CypressError"><![CDATA[CypressError: `cy.request()` failed on:

https://palabras-qa-gebud8fdgxejeyen.brazilsouth-01.azurewebsites.net/api/palabras

The response we received from your web server was:

  > 403: Forbidden

This was considered a failure because the status code was not `2xx` or `3xx`.

If you do not want status codes to cause failures pass the option: `failOnStatusCode: false`

-----------------------------------------------------------

The request we sent was:

Method: POST
URL: https://palabras-qa-gebud8fdgxejeyen.brazilsouth-01.azurewebsites.net/api/palabras
Headers: {
  "Connection": "keep-alive",
  "user-agent": "Mozilla/5.0 (Windows NT 10.0; Win64; x64) AppleWebKit/537.36 (KHTML, like Gecko) Cypress/15.7.1 Chrome/138.0.7204.251 Electron/37.6.0 Safari/537.36",
  "accept": "*/*",
  "accept-encoding": "gzip, deflate",
  "content-type": "application/json",
  "content-length": 44
}
Body: {"palabra":"cypress-cancelar-1765144939766"}

-----------------------------------------------------------

The response we got was:

Status: 403 - Forbidden
Headers: {
  "content-length": "1148",
  "connection": "close",
  "content-type": "text/html",
  "date": "Sun, 07 Dec 2025 22:02:19 GMT"
}
Body: <!DOCTYPE html><html><head><title>Web App - Unavailable</title><style type="text/css">html{height:100%;width:100%;}#feature{width:960px;margin:95px auto 0 auto;overflow:auto;}#content{font-family:"Segoe UI";font-weight:normal;font-size:22px;color:#fff;float:left;width:460px;margin-top:68px;margin-left:0px;vertical-align:middle;}#content h1{font-family:"Segoe UI Light";color:#fff;font-weight:normal;font-size:60px;line-height:48pt;width:800px;}p a,p a:visited,p a:active,p a:hover{color:#fff;}</style></head><body bgcolor="#00abec"><div id="feature"><div id="content"><h1 id="unavailable">Error 403 - This web app is stopped.</h1><p id="tryAgain">The web app you have attempted to reach is currently stopped and does not accept any requests. Please try to reload the page or visit it again soon.</p><p id="toAdmin">If you are the web app administrator, please find the common 403 error scenarios and resolution <a href="https://go.microsoft.com/fwlink/?linkid=2095007" target="_blank">here</a>. For further troubleshooting tools and recommendations, please visit <a href="https://portal.azure.com/">Azure Portal</a>.</p></div></div></body></html>


https://on.cypress.io/request
    at <unknown> (https://palabras-qa-gebud8fdgxejeyen.brazilsouth-01.azurewebsites.net/__cypress/runner/cypress_runner.js:135916:72)
    at tryCatcher (https://palabras-qa-gebud8fdgxejeyen.brazilsouth-01.azurewebsites.net/__cypress/runner/cypress_runner.js:1777:23)
    at Promise._settlePromiseFromHandler (https://palabras-qa-gebud8fdgxejeyen.brazilsouth-01.azurewebsites.net/__cypress/runner/cypress_runner.js:1489:31)
    at Promise._settlePromise (https://palabras-qa-gebud8fdgxejeyen.brazilsouth-01.azurewebsites.net/__cypress/runner/cypress_runner.js:1546:18)
    at Promise._settlePromise0 (https://palabras-qa-gebud8fdgxejeyen.brazilsouth-01.azurewebsites.net/__cypress/runner/cypress_runner.js:1591:10)
    at Promise._settlePromises (https://palabras-qa-gebud8fdgxejeyen.brazilsouth-01.azurewebsites.net/__cypress/runner/cypress_runner.js:1671:18)
    at _drainQueueStep (https://palabras-qa-gebud8fdgxejeyen.brazilsouth-01.azurewebsites.net/__cypress/runner/cypress_runner.js:2377:12)
    at _drainQueue (https://palabras-qa-gebud8fdgxejeyen.brazilsouth-01.azurewebsites.net/__cypress/runner/cypress_runner.js:2370:9)
    at Async._drainQueues (https://palabras-qa-gebud8fdgxejeyen.brazilsouth-01.azurewebsites.net/__cypress/runner/cypress_runner.js:2386:5)
    at Async.drainQueues (https://palabras-qa-gebud8fdgxejeyen.brazilsouth-01.azurewebsites.net/__cypress/runner/cypress_runner.js:2256:14)
From Your Spec Code:
    at Context.eval (webpack:///./cypress/e2e/delete_cancelled.cy.js:6:7)]]></failure>
    </testcase>
  </testsuite>
</testsuites>