<?xml version="1.0" encoding="UTF-8"?>
<testsuites name="Mocha Tests" time="0.257" tests="1" failures="1">
  <testsuite name="Root Suite" timestamp="2025-12-07T20:44:52" tests="0" file="cypress\e2e\delete_cancelled.cy.js" time="0.000" failures="0">
  </testsuite>
  <testsuite name="Cancelación de borrado" timestamp="2025-12-07T20:44:52" tests="1" time="0.256" failures="1">
    <testcase name="Cancelación de borrado No borra la palabra si el usuario cancela la confirmación" time="0.000" classname="No borra la palabra si el usuario cancela la confirmación">
      <failure message="`cy.visit()` failed trying to load:

http://localhost:3000/

The response we received from your web server was:

  &gt; 404: Not Found

This was considered a failure because the status code was not `2xx`.

If you do not want status codes to cause failures pass the option: `failOnStatusCode: false`" type="CypressError"><![CDATA[CypressError: `cy.visit()` failed trying to load:

http://localhost:3000/

The response we received from your web server was:

  > 404: Not Found

This was considered a failure because the status code was not `2xx`.

If you do not want status codes to cause failures pass the option: `failOnStatusCode: false`
    at <unknown> (http://localhost:3000/__cypress/runner/cypress_runner.js:134626:76)
    at visitFailedByErr (http://localhost:3000/__cypress/runner/cypress_runner.js:134216:12)
    at <unknown> (http://localhost:3000/__cypress/runner/cypress_runner.js:134609:13)
    at tryCatcher (http://localhost:3000/__cypress/runner/cypress_runner.js:1777:23)
    at Promise._settlePromiseFromHandler (http://localhost:3000/__cypress/runner/cypress_runner.js:1489:31)
    at Promise._settlePromise (http://localhost:3000/__cypress/runner/cypress_runner.js:1546:18)
    at Promise._settlePromise0 (http://localhost:3000/__cypress/runner/cypress_runner.js:1591:10)
    at Promise._settlePromises (http://localhost:3000/__cypress/runner/cypress_runner.js:1667:18)
    at _drainQueueStep (http://localhost:3000/__cypress/runner/cypress_runner.js:2377:12)
    at _drainQueue (http://localhost:3000/__cypress/runner/cypress_runner.js:2370:9)
    at Async._drainQueues (http://localhost:3000/__cypress/runner/cypress_runner.js:2386:5)
    at Async.drainQueues (http://localhost:3000/__cypress/runner/cypress_runner.js:2256:14)
From Your Spec Code:
    at Context.eval (webpack:///./cypress/e2e/delete_cancelled.cy.js:6:7)]]></failure>
    </testcase>
  </testsuite>
</testsuites>