<?xml version="1.0" encoding="UTF-8"?>
<testsuites name="Mocha Tests" time="11.181" tests="1" failures="1">
  <testsuite name="Root Suite" timestamp="2025-12-07T19:09:38" tests="0" file="cypress\e2e\delete_cancelled.cy.js" time="0.000" failures="0">
  </testsuite>
  <testsuite name="Cancelación de borrado" timestamp="2025-12-07T19:09:38" tests="1" time="11.156" failures="1">
    <testcase name="Cancelación de borrado No borra la palabra si el usuario cancela la confirmación" time="0.000" classname="No borra la palabra si el usuario cancela la confirmación">
      <failure message="Timed out retrying after 10000ms: Expected to find element: `#listaPalabras .palabra-item`, but never found it." type="AssertionError"><![CDATA[AssertionError: Timed out retrying after 10000ms: Expected to find element: `#listaPalabras .palabra-item`, but never found it.
    at Context.eval (webpack:///./cypress/e2e/delete_cancelled.cy.js:9:7)]]></failure>
    </testcase>
  </testsuite>
</testsuites>