<?xml version="1.0" encoding="UTF-8"?>
<testsuites name="Mocha Tests" time="0.544" tests="1" failures="0">
  <testsuite name="Root Suite" timestamp="2025-12-09T04:23:33" tests="0" file="cypress\e2e\delete.cy.js" time="0.000" failures="0">
  </testsuite>
  <testsuite name="Confirmación de borrado aceptada" timestamp="2025-12-09T04:23:33" tests="1" time="0.539" failures="0">
    <testcase name="Confirmación de borrado aceptada Elimina la palabra si el usuario confirma" time="0.472" classname="Elimina la palabra si el usuario confirma">
    </testcase>
  </testsuite>
</testsuites>