<?xml version="1.0" encoding="UTF-8"?>
<testsuites name="Mocha Tests" time="7.685" tests="2" failures="1">
  <testsuite name="Root Suite" timestamp="2025-12-09T00:31:46" tests="0" file="cypress\e2e\login.cy.js" time="0.000" failures="0">
  </testsuite>
  <testsuite name="Login de usuario" timestamp="2025-12-09T00:31:46" tests="2" time="7.680" failures="1">
    <testcase name="Login de usuario Permite ingresar con credenciales correctas" time="0.000" classname="Permite ingresar con credenciales correctas">
      <failure message="Timed out retrying after 4000ms: expected 401 to equal 200" type="AssertionError"><![CDATA[AssertionError: Timed out retrying after 4000ms: expected 401 to equal 200
    at Context.eval (webpack://tp7-final-cervellini/./cypress/e2e/login.cy.js:11:53)]]></failure>
    </testcase>
    <testcase name="Login de usuario No permite ingresar con credenciales incorrectas" time="1.798" classname="No permite ingresar con credenciales incorrectas">
    </testcase>
  </testsuite>
</testsuites>