<?xml version="1.0" encoding="UTF-8"?>
<testsuites name="Mocha Tests" time="2.115" tests="1" failures="0">
  <testsuite name="Root Suite" timestamp="2025-12-09T04:23:26" tests="0" file="cypress\e2e\add_empty_word.cy.js" time="0.000" failures="0">
  </testsuite>
  <testsuite name="Validación de palabra vacía" timestamp="2025-12-09T04:23:26" tests="1" time="2.111" failures="0">
    <testcase name="Validación de palabra vacía No agrega palabra si el input está vacío" time="2.076" classname="No agrega palabra si el input está vacío">
    </testcase>
  </testsuite>
</testsuites>