<?xml version="1.0" encoding="UTF-8"?>
<testsuites name="Mocha Tests" time="12.485" tests="1" failures="1">
  <testsuite name="Root Suite" timestamp="2025-12-09T00:30:45" tests="0" file="cypress\e2e\add_empty_word.cy.js" time="0.000" failures="0">
  </testsuite>
  <testsuite name="Validación de palabra vacía" timestamp="2025-12-09T00:30:45" tests="1" time="12.476" failures="1">
    <testcase name="Validación de palabra vacía No agrega palabra si el input está vacío" time="0.000" classname="No agrega palabra si el input está vacío">
      <failure message="Timed out retrying after 10000ms: Expected to find element: `#listaPalabras`, but never found it." type="AssertionError"><![CDATA[AssertionError: Timed out retrying after 10000ms: Expected to find element: `#listaPalabras`, but never found it.
    at Context.eval (webpack://tp7-final-cervellini/./cypress/e2e/add_empty_word.cy.js:11:49)]]></failure>
    </testcase>
  </testsuite>
</testsuites>