<?xml version="1.0" encoding="UTF-8"?>
<testsuites name="Mocha Tests" time="11.289" tests="2" failures="2">
  <testsuite name="Root Suite" timestamp="2025-12-09T00:31:33" tests="0" file="cypress\e2e\filter.cy.js" time="0.000" failures="0">
  </testsuite>
  <testsuite name="Filtrar palabras" timestamp="2025-12-09T00:31:33" tests="2" time="11.284" failures="2">
    <testcase name="Filtrar palabras Filtra palabras correctamente" time="0.000" classname="Filtra palabras correctamente">
      <failure message="Timed out retrying after 4000ms: Expected to find element: `#filtroInput`, but never found it." type="AssertionError"><![CDATA[AssertionError: Timed out retrying after 4000ms: Expected to find element: `#filtroInput`, but never found it.
    at Context.eval (webpack://tp7-final-cervellini/./cypress/e2e/filter.cy.js:9:7)]]></failure>
    </testcase>
    <testcase name="Filtrar palabras Muestra todas las palabras cuando el filtro está vacío" time="0.000" classname="Muestra todas las palabras cuando el filtro está vacío">
      <failure message="Timed out retrying after 4000ms: Expected to find element: `#filtroInput`, but never found it." type="AssertionError"><![CDATA[AssertionError: Timed out retrying after 4000ms: Expected to find element: `#filtroInput`, but never found it.
    at Context.eval (webpack://tp7-final-cervellini/./cypress/e2e/filter.cy.js:26:7)]]></failure>
    </testcase>
  </testsuite>
</testsuites>