<?xml version="1.0" encoding="UTF-8"?>
<testsuites name="Mocha Tests" time="5.707" tests="1" failures="1">
  <testsuite name="Root Suite" timestamp="2025-12-09T00:30:59" tests="0" file="cypress\e2e\add_word.cy.js" time="0.000" failures="0">
  </testsuite>
  <testsuite name="Agregar palabra" timestamp="2025-12-09T00:30:59" tests="1" time="5.701" failures="1">
    <testcase name="Agregar palabra Agrega una palabra correctamente" time="0.000" classname="Agrega una palabra correctamente">
      <failure message="Timed out retrying after 4000ms: Expected to find element: `#palabraInput`, but never found it." type="AssertionError"><![CDATA[AssertionError: Timed out retrying after 4000ms: Expected to find element: `#palabraInput`, but never found it.
    at Context.eval (webpack://tp7-final-cervellini/./cypress/e2e/add_word.cy.js:9:9)]]></failure>
    </testcase>
  </testsuite>
</testsuites>