<?xml version="1.0" encoding="UTF-8"?>
<testsuites name="Mocha Tests" time="0.706" tests="2" failures="0">
  <testsuite name="Root Suite" timestamp="2025-12-09T04:24:37" tests="0" file="cypress\e2e\ordenar.cy.js" time="0.000" failures="0">
  </testsuite>
  <testsuite name="Ordenar palabras" timestamp="2025-12-09T04:24:37" tests="2" time="0.702" failures="0">
    <testcase name="Ordenar palabras Ordena palabras en orden ascendente" time="0.324" classname="Ordena palabras en orden ascendente">
    </testcase>
    <testcase name="Ordenar palabras Ordena palabras en orden descendente" time="0.271" classname="Ordena palabras en orden descendente">
    </testcase>
  </testsuite>
</testsuites>