<?xml version="1.0" encoding="UTF-8"?>
<testsuites name="Mocha Tests" time="3.714" tests="2" failures="0">
  <testsuite name="Root Suite" timestamp="2025-12-09T00:45:09" tests="0" file="cypress\e2e\filter.cy.js" time="0.000" failures="0">
  </testsuite>
  <testsuite name="Filtrar palabras" timestamp="2025-12-09T00:45:09" tests="2" time="3.705" failures="0">
    <testcase name="Filtrar palabras Filtra palabras correctamente" time="1.785" classname="Filtra palabras correctamente">
    </testcase>
    <testcase name="Filtrar palabras Muestra todas las palabras cuando el filtro está vacío" time="1.790" classname="Muestra todas las palabras cuando el filtro está vacío">
    </testcase>
  </testsuite>
</testsuites>