<?xml version="1.0" encoding="UTF-8"?>
<testsuites name="Mocha Tests" time="4.716" tests="1" failures="1">
  <testsuite name="Root Suite" timestamp="2025-12-09T04:20:07" tests="0" file="cypress\e2e\delete_cancelled.cy.js" time="0.000" failures="0">
  </testsuite>
  <testsuite name="Cancelaci贸n de borrado" timestamp="2025-12-09T04:20:07" tests="1" time="4.713" failures="1">
    <testcase name="Cancelaci贸n de borrado No borra la palabra si el usuario cancela la confirmaci贸n" time="0.000" classname="No borra la palabra si el usuario cancela la confirmaci贸n">
      <failure message="Timed out retrying after 4000ms: Expected to find content: &apos;tres
            
                
                    Editar
                
                
                    Eliminar&apos; within the selector: &apos;#listaPalabras .palabra-item&apos; but never did." type="AssertionError"><![CDATA[AssertionError: Timed out retrying after 4000ms: Expected to find content: 'tres
            
                
                    Editar
                
                
                    Eliminar' within the selector: '#listaPalabras .palabra-item' but never did.
    at Context.eval (webpack://tp7-final-cervellini/./cypress/e2e/delete_cancelled.cy.js:21:67)
    at getRet (http://localhost:3000/__cypress/runner/cypress_runner.js:122460:20)
    at tryCatcher (http://localhost:3000/__cypress/runner/cypress_runner.js:1777:23)
    at Promise.attempt.Promise.try (http://localhost:3000/__cypress/runner/cypress_runner.js:4285:29)
    at Context.thenFn (http://localhost:3000/__cypress/runner/cypress_runner.js:122471:66)
    at Context.then (http://localhost:3000/__cypress/runner/cypress_runner.js:122722:21)
    at wrapped (http://localhost:3000/__cypress/runner/cypress_runner.js:145818:19)]]></failure>
    </testcase>
  </testsuite>
</testsuites>