<?xml version="1.0" encoding="UTF-8"?>
<testsuites name="Mocha Tests" time="13.433" tests="2" failures="1">
  <testsuite name="Root Suite" timestamp="2025-12-09T00:32:08" tests="0" file="cypress\e2e\register.cy.js" time="0.000" failures="0">
  </testsuite>
  <testsuite name="Agregar palabra" timestamp="2025-12-09T00:32:08" tests="2" time="13.428" failures="1">
    <testcase name="Agregar palabra Registra usuario correctamente" time="3.359" classname="Registra usuario correctamente">
    </testcase>
    <testcase name="Agregar palabra No permite registrar un usuario ya existente" time="0.000" classname="No permite registrar un usuario ya existente">
      <failure message="Timed out retrying after 4000ms: expected 200 to equal 400" type="AssertionError"><![CDATA[AssertionError: Timed out retrying after 4000ms: expected 200 to equal 400
    at Context.eval (webpack://tp7-final-cervellini/./cypress/e2e/register.cy.js:31:56)]]></failure>
    </testcase>
  </testsuite>
</testsuites>