<?xml version="1.0" encoding="UTF-8"?>
<testsuites name="Mocha Tests" time="3.322" tests="2" failures="0">
  <testsuite name="Root Suite" timestamp="2025-12-09T13:27:40" tests="0" file="cypress\e2e\login.cy.js" time="0.000" failures="0">
  </testsuite>
  <testsuite name="Login de usuario" timestamp="2025-12-09T13:27:40" tests="2" time="3.321" failures="0">
    <testcase name="Login de usuario Permite ingresar con credenciales correctas" time="1.507" classname="Permite ingresar con credenciales correctas">
    </testcase>
    <testcase name="Login de usuario No permite ingresar con credenciales incorrectas" time="1.739" classname="No permite ingresar con credenciales incorrectas">
    </testcase>
  </testsuite>
</testsuites>