<?xml version="1.0" encoding="UTF-8"?>
<testsuites name="Mocha Tests" time="11.802" tests="1" failures="1">
  <testsuite name="Root Suite" timestamp="2025-12-09T00:31:06" tests="0" file="cypress\e2e\delete.cy.js" time="0.000" failures="0">
  </testsuite>
  <testsuite name="Confirmación de borrado aceptada" timestamp="2025-12-09T00:31:06" tests="1" time="11.796" failures="1">
    <testcase name="Confirmación de borrado aceptada Elimina la palabra si el usuario confirma" time="0.000" classname="Elimina la palabra si el usuario confirma">
      <failure message="Timed out retrying after 10000ms: Expected to find element: `#listaPalabras`, but never found it." type="AssertionError"><![CDATA[AssertionError: Timed out retrying after 10000ms: Expected to find element: `#listaPalabras`, but never found it.
    at Context.eval (webpack://tp7-final-cervellini/./cypress/e2e/delete.cy.js:11:49)]]></failure>
    </testcase>
  </testsuite>
</testsuites>