<?xml version="1.0" encoding="UTF-8"?>
<testsuites name="Mocha Tests" time="4.766" tests="1" failures="0">
  <testsuite name="Root Suite" timestamp="2025-12-09T13:27:18" tests="0" file="cypress\e2e\delete.cy.js" time="0.000" failures="0">
  </testsuite>
  <testsuite name="Confirmación de borrado aceptada" timestamp="2025-12-09T13:27:18" tests="1" time="4.760" failures="0">
    <testcase name="Confirmación de borrado aceptada Elimina la palabra si el usuario confirma" time="4.701" classname="Elimina la palabra si el usuario confirma">
    </testcase>
  </testsuite>
</testsuites>