<?xml version="1.0" encoding="UTF-8"?>
<testsuites name="Mocha Tests" time="1.931" tests="1" failures="0">
  <testsuite name="Root Suite" timestamp="2025-12-09T00:43:04" tests="0" file="cypress\e2e\delete.cy.js" time="0.000" failures="0">
  </testsuite>
  <testsuite name="Confirmación de borrado aceptada" timestamp="2025-12-09T00:43:04" tests="1" time="1.924" failures="0">
    <testcase name="Confirmación de borrado aceptada Elimina la palabra si el usuario confirma" time="1.856" classname="Elimina la palabra si el usuario confirma">
    </testcase>
  </testsuite>
</testsuites>