<?xml version="1.0" encoding="UTF-8"?>
<testsuites name="Mocha Tests" time="0.949" tests="2" failures="0">
  <testsuite name="Root Suite" timestamp="2025-12-09T04:23:45" tests="0" file="cypress\e2e\ordenar.cy.js" time="0.000" failures="0">
  </testsuite>
  <testsuite name="Ordenar palabras" timestamp="2025-12-09T04:23:45" tests="2" time="0.944" failures="0">
    <testcase name="Ordenar palabras Ordena palabras en orden ascendente" time="0.493" classname="Ordena palabras en orden ascendente">
    </testcase>
    <testcase name="Ordenar palabras Ordena palabras en orden descendente" time="0.312" classname="Ordena palabras en orden descendente">
    </testcase>
  </testsuite>
</testsuites>