<?xml version="1.0" encoding="UTF-8"?>
<testsuites name="jest tests" tests="50" failures="0" errors="0" time="5.715">
  <testsuite name="Funcionalidades de Login y Registro" errors="0" failures="0" skipped="0" timestamp="2025-11-27T19:20:27" time="1.371" tests="19">
    <testcase classname="Funcionalidades de Login y Registro mostrarMensaje debe mostrar mensaje de error" name="Funcionalidades de Login y Registro mostrarMensaje debe mostrar mensaje de error" time="0.053">
    </testcase>
    <testcase classname="Funcionalidades de Login y Registro mostrarMensaje debe mostrar mensaje de éxito" name="Funcionalidades de Login y Registro mostrarMensaje debe mostrar mensaje de éxito" time="0.018">
    </testcase>
    <testcase classname="Funcionalidades de Login y Registro mostrarMensaje debe ocultar mensaje después de 3 segundos" name="Funcionalidades de Login y Registro mostrarMensaje debe ocultar mensaje después de 3 segundos" time="0.024">
    </testcase>
    <testcase classname="Funcionalidades de Login y Registro register debe registrar usuario exitosamente" name="Funcionalidades de Login y Registro register debe registrar usuario exitosamente" time="0.025">
    </testcase>
    <testcase classname="Funcionalidades de Login y Registro register debe mostrar error si username está vacío" name="Funcionalidades de Login y Registro register debe mostrar error si username está vacío" time="0.021">
    </testcase>
    <testcase classname="Funcionalidades de Login y Registro register debe mostrar error si password está vacío" name="Funcionalidades de Login y Registro register debe mostrar error si password está vacío" time="0.016">
    </testcase>
    <testcase classname="Funcionalidades de Login y Registro register debe trimear espacios en blanco del username" name="Funcionalidades de Login y Registro register debe trimear espacios en blanco del username" time="0.032">
    </testcase>
    <testcase classname="Funcionalidades de Login y Registro register no debe permitir registrar un usuario existente" name="Funcionalidades de Login y Registro register no debe permitir registrar un usuario existente" time="0.015">
    </testcase>
    <testcase classname="Funcionalidades de Login y Registro register debe mostrar error genérico si el servidor no envía mensaje" name="Funcionalidades de Login y Registro register debe mostrar error genérico si el servidor no envía mensaje" time="0.013">
    </testcase>
    <testcase classname="Funcionalidades de Login y Registro register debe manejar error de red" name="Funcionalidades de Login y Registro register debe manejar error de red" time="0.016">
    </testcase>
    <testcase classname="Funcionalidades de Login y Registro register debe resetear el formulario después de registro exitoso" name="Funcionalidades de Login y Registro register debe resetear el formulario después de registro exitoso" time="0.01">
    </testcase>
    <testcase classname="Funcionalidades de Login y Registro login debe hacer login exitosamente y redirigir" name="Funcionalidades de Login y Registro login debe hacer login exitosamente y redirigir" time="0.014">
    </testcase>
    <testcase classname="Funcionalidades de Login y Registro login debe mostrar error si username está vacío" name="Funcionalidades de Login y Registro login debe mostrar error si username está vacío" time="0.013">
    </testcase>
    <testcase classname="Funcionalidades de Login y Registro login debe mostrar error si password está vacío" name="Funcionalidades de Login y Registro login debe mostrar error si password está vacío" time="0.017">
    </testcase>
    <testcase classname="Funcionalidades de Login y Registro login debe trimear espacios en blanco del username" name="Funcionalidades de Login y Registro login debe trimear espacios en blanco del username" time="0.016">
    </testcase>
    <testcase classname="Funcionalidades de Login y Registro login debe mostrar error del servidor cuando falla el login" name="Funcionalidades de Login y Registro login debe mostrar error del servidor cuando falla el login" time="0.012">
    </testcase>
    <testcase classname="Funcionalidades de Login y Registro login debe mostrar error genérico si el servidor no envía mensaje" name="Funcionalidades de Login y Registro login debe mostrar error genérico si el servidor no envía mensaje" time="0.011">
    </testcase>
    <testcase classname="Funcionalidades de Login y Registro login debe manejar error de red" name="Funcionalidades de Login y Registro login debe manejar error de red" time="0.01">
    </testcase>
    <testcase classname="Funcionalidades de Login y Registro DOMContentLoaded event debe llamar a verificarSesion al cargar la página" name="Funcionalidades de Login y Registro DOMContentLoaded event debe llamar a verificarSesion al cargar la página" time="0.01">
    </testcase>
  </testsuite>
  <testsuite name="Frontend - Gestión de Palabras (Unitarios)" errors="0" failures="0" skipped="0" timestamp="2025-11-27T19:20:27" time="1.897" tests="12">
    <testcase classname="Frontend - Gestión de Palabras (Unitarios) mostrarMensaje() debería mostrar mensaje de éxito" name="Frontend - Gestión de Palabras (Unitarios) mostrarMensaje() debería mostrar mensaje de éxito" time="0.04">
    </testcase>
    <testcase classname="Frontend - Gestión de Palabras (Unitarios) mostrarMensaje() debería mostrar mensaje de error" name="Frontend - Gestión de Palabras (Unitarios) mostrarMensaje() debería mostrar mensaje de error" time="0.019">
    </testcase>
    <testcase classname="Frontend - Gestión de Palabras (Unitarios) mostrarMensaje() debería limpiar el mensaje después de 3 segundos" name="Frontend - Gestión de Palabras (Unitarios) mostrarMensaje() debería limpiar el mensaje después de 3 segundos" time="0.011">
    </testcase>
    <testcase classname="Frontend - Gestión de Palabras (Unitarios) cargarPalabras() debería cargar y mostrar palabras correctamente" name="Frontend - Gestión de Palabras (Unitarios) cargarPalabras() debería cargar y mostrar palabras correctamente" time="0.018">
    </testcase>
    <testcase classname="Frontend - Gestión de Palabras (Unitarios) cargarPalabras() debería mostrar mensaje cuando no hay palabras" name="Frontend - Gestión de Palabras (Unitarios) cargarPalabras() debería mostrar mensaje cuando no hay palabras" time="0.028">
    </testcase>
    <testcase classname="Frontend - Gestión de Palabras (Unitarios) cargarPalabras() debería manejar errores de la API" name="Frontend - Gestión de Palabras (Unitarios) cargarPalabras() debería manejar errores de la API" time="0.007">
    </testcase>
    <testcase classname="Frontend - Gestión de Palabras (Unitarios) agregarPalabra() debería agregar una palabra exitosamente" name="Frontend - Gestión de Palabras (Unitarios) agregarPalabra() debería agregar una palabra exitosamente" time="0.013">
    </testcase>
    <testcase classname="Frontend - Gestión de Palabras (Unitarios) agregarPalabra() debería validar que la palabra no esté vacía" name="Frontend - Gestión de Palabras (Unitarios) agregarPalabra() debería validar que la palabra no esté vacía" time="0.008">
    </testcase>
    <testcase classname="Frontend - Gestión de Palabras (Unitarios) agregarPalabra() debería manejar errores de la API al agregar" name="Frontend - Gestión de Palabras (Unitarios) agregarPalabra() debería manejar errores de la API al agregar" time="0.007">
    </testcase>
    <testcase classname="Frontend - Gestión de Palabras (Unitarios) eliminarPalabra() debería eliminar una palabra con confirmación" name="Frontend - Gestión de Palabras (Unitarios) eliminarPalabra() debería eliminar una palabra con confirmación" time="0.012">
    </testcase>
    <testcase classname="Frontend - Gestión de Palabras (Unitarios) eliminarPalabra() NO debería eliminar si el usuario cancela" name="Frontend - Gestión de Palabras (Unitarios) eliminarPalabra() NO debería eliminar si el usuario cancela" time="0.005">
    </testcase>
    <testcase classname="Frontend - Gestión de Palabras (Unitarios) eliminarPalabra() debería manejar errores al eliminar" name="Frontend - Gestión de Palabras (Unitarios) eliminarPalabra() debería manejar errores al eliminar" time="0.005">
    </testcase>
  </testsuite>
  <testsuite name="Funcionalidades de Autenticación y Sesión" errors="0" failures="0" skipped="0" timestamp="2025-11-27T19:20:27" time="2.159" tests="19">
    <testcase classname="Funcionalidades de Autenticación y Sesión cerrarSesion debe eliminar el usuario del localStorage" name="Funcionalidades de Autenticación y Sesión cerrarSesion debe eliminar el usuario del localStorage" time="0.034">
    </testcase>
    <testcase classname="Funcionalidades de Autenticación y Sesión Verificación de sesión en DOMContentLoaded debe cargar palabras si hay usuario en localStorage" name="Funcionalidades de Autenticación y Sesión Verificación de sesión en DOMContentLoaded debe cargar palabras si hay usuario en localStorage" time="0.04">
    </testcase>
    <testcase classname="Funcionalidades de Autenticación y Sesión Verificación de sesión en DOMContentLoaded debe mostrar el nombre de usuario en el elemento usuarioActual" name="Funcionalidades de Autenticación y Sesión Verificación de sesión en DOMContentLoaded debe mostrar el nombre de usuario en el elemento usuarioActual" time="0.02">
    </testcase>
    <testcase classname="Funcionalidades de Autenticación y Sesión filtrarPalabras debe mostrar palabras que coinciden con el filtro" name="Funcionalidades de Autenticación y Sesión filtrarPalabras debe mostrar palabras que coinciden con el filtro" time="0.024">
    </testcase>
    <testcase classname="Funcionalidades de Autenticación y Sesión filtrarPalabras debe ser case-insensitive" name="Funcionalidades de Autenticación y Sesión filtrarPalabras debe ser case-insensitive" time="0.015">
    </testcase>
    <testcase classname="Funcionalidades de Autenticación y Sesión filtrarPalabras debe mostrar mensaje cuando no hay coincidencias" name="Funcionalidades de Autenticación y Sesión filtrarPalabras debe mostrar mensaje cuando no hay coincidencias" time="0.01">
    </testcase>
    <testcase classname="Funcionalidades de Autenticación y Sesión filtrarPalabras no debe filtrar si el filtro está vacío" name="Funcionalidades de Autenticación y Sesión filtrarPalabras no debe filtrar si el filtro está vacío" time="0.041">
    </testcase>
    <testcase classname="Funcionalidades de Autenticación y Sesión filtrarPalabras no debe filtrar si el filtro contiene espacios en blanco" name="Funcionalidades de Autenticación y Sesión filtrarPalabras no debe filtrar si el filtro contiene espacios en blanco" time="0.016">
    </testcase>
    <testcase classname="Funcionalidades de Autenticación y Sesión filtrarPalabras debe mostrar botones de editar y eliminar en resultados filtrados" name="Funcionalidades de Autenticación y Sesión filtrarPalabras debe mostrar botones de editar y eliminar en resultados filtrados" time="0.017">
    </testcase>
    <testcase classname="Funcionalidades de Autenticación y Sesión ordenarPalabras debe mostrar mensaje cuando no hay palabras" name="Funcionalidades de Autenticación y Sesión ordenarPalabras debe mostrar mensaje cuando no hay palabras" time="0.01">
    </testcase>
    <testcase classname="Funcionalidades de Autenticación y Sesión ordenarPalabras debe ordenar por nombre ascendente" name="Funcionalidades de Autenticación y Sesión ordenarPalabras debe ordenar por nombre ascendente" time="0.046">
    </testcase>
    <testcase classname="Funcionalidades de Autenticación y Sesión ordenarPalabras debe ordenar por nombre descendente" name="Funcionalidades de Autenticación y Sesión ordenarPalabras debe ordenar por nombre descendente" time="0.014">
    </testcase>
    <testcase classname="Funcionalidades de Autenticación y Sesión ordenarPalabras debe ordenar por fecha ascendente (id ascendente)" name="Funcionalidades de Autenticación y Sesión ordenarPalabras debe ordenar por fecha ascendente (id ascendente)" time="0.019">
    </testcase>
    <testcase classname="Funcionalidades de Autenticación y Sesión ordenarPalabras debe ordenar por fecha descendente (id descendente)" name="Funcionalidades de Autenticación y Sesión ordenarPalabras debe ordenar por fecha descendente (id descendente)" time="0.014">
    </testcase>
    <testcase classname="Funcionalidades de Autenticación y Sesión ordenarPalabras debe actualizar ordenActual" name="Funcionalidades de Autenticación y Sesión ordenarPalabras debe actualizar ordenActual" time="0.017">
    </testcase>
    <testcase classname="Funcionalidades de Autenticación y Sesión ordenarPalabras debe no modificar el array original" name="Funcionalidades de Autenticación y Sesión ordenarPalabras debe no modificar el array original" time="0.013">
    </testcase>
    <testcase classname="Funcionalidades de Autenticación y Sesión editarPalabra edge cases no debe hacer nada si el usuario cancela el prompt" name="Funcionalidades de Autenticación y Sesión editarPalabra edge cases no debe hacer nada si el usuario cancela el prompt" time="0.01">
    </testcase>
    <testcase classname="Funcionalidades de Autenticación y Sesión editarPalabra edge cases debe mostrar error si la palabra está vacía" name="Funcionalidades de Autenticación y Sesión editarPalabra edge cases debe mostrar error si la palabra está vacía" time="0.011">
    </testcase>
    <testcase classname="Funcionalidades de Autenticación y Sesión editarPalabra edge cases debe trimear espacios en blanco de la nueva palabra" name="Funcionalidades de Autenticación y Sesión editarPalabra edge cases debe trimear espacios en blanco de la nueva palabra" time="0.012">
    </testcase>
  </testsuite>
</testsuites>